PocketMine-MP Crash Dump Sun Nov 29 00:23:23 EST 2015

Error: touch(): Utime failed: Permission denied
File: /src/pocketmine/Server__64bit
Line: 1561
Type: E_WARNING

Code:
[1552] 
[1553] 		$this->operators = new Config($this->dataPath . "ops.txt", Config::ENUM);
[1554] 		$this->whitelist = new Config($this->dataPath . "white-list.txt", Config::ENUM);
[1555] 		if(\file_exists($this->dataPath . "banned.txt") and !\file_exists($this->dataPath . "banned-players.txt")){
[1556] 			@\rename($this->dataPath . "banned.txt", $this->dataPath . "banned-players.txt");
[1557] 		}
[1558] 		@\touch($this->dataPath . "banned-players.txt");
[1559] 		$this->banByName = new BanList($this->dataPath . "banned-players.txt");
[1560] 		$this->banByName->load();
[1561] 		@\touch($this->dataPath . "banned-ips.txt");
[1562] 		$this->banByIP = new BanList($this->dataPath . "banned-ips.txt");
[1563] 		$this->banByIP->load();
[1564] 
[1565] 		$this->maxPlayers = $this->getConfigInt("max-players", 20);
[1566] 		$this->setAutoSave($this->getConfigBoolean("auto-save", \true));
[1567] 
[1568] 		if($this->getConfigBoolean("hardcore", \false) === \true and $this->getDifficulty() < 3){
[1569] 			$this->setConfigInt("difficulty", 3);
[1570] 		}
[1571] 

Backtrace:
#0 (): pocketmine\Server->crashDump(boolean)

PocketMine-MP version: 1.6dev #51 [Protocol 38; API 1.13.0]
Git commit: 0000000000000000000000000000000000000000
uname -a: Linux (none) 4.1.5-x86_64-linode61 #7 SMP Mon Aug 24 13:46:31 EDT 2015 x86_64
PHP Version: 5.6.10
Zend version: 2.6.0
OS : Linux, linux

Loaded plugins:
SimpleAuth 1.7.1 by PocketMine Team, shoghicp for API(s) 1.12.0

----------------------REPORT THE DATA BELOW THIS LINE-----------------------

===BEGIN CRASH DUMP===
eNrNWmtz20aW/Su9VKpG2iIovkkxy9QotmbWVbbDieTyh3BK1QAaBEZ4Bd0QxaT83+fc242HZGUm
2d0P63Il7Nd933NvN/zrwCSZGmwm8/l6tZovx7PhQFVVUQ02vw7MqcTS4Ob+8/WPH999/OtgOMiU
1vJAs6aog/j8YiM+EQURySRV4UbsVJUlWidFLkKVJyrEoQhLOHGpq+CyLIIHZbIkV5e3qnpU1f39
cu4nBttSTEKSxXLyZTgo0/qQ5INNJFOthoOgCBWJNFkspiCF3fg1w6+92ZtvTJxo77uiVJU0RaXF
VuTqKN4UeZQczt1qKI3cSROLkdgPilKPzJPZD4Zu12Zz8/HTh4tvLeH5c8LHODEqTbT594R5q0d7
/xX9haOfROf7PVnnXj3hiH6VpC/zXIWW3IWQeSj+4/ce8spUnlTldL24+NWyXzr2e/Pn/b5SuczU
v+U8FL+bjVNy5bh8scO1G4KlDZ0/Su/quVOw9fvTR4junPK9zN/DHH+U7HL8G2S979JChufNtskf
ED8pX/CYvsLj3e73C/4VwdmrBF+IPG8SZbl4vj2TTztrCojg5g7K2Eh9l5vz/QBbGnOR76fjhujy
OSmtzHVtilv52IZQS+n7okiVzEFNYounsYdowYBVrS4agqtWynWXFb9NKpZVGBSVo8TocCG2260j
y/nRnX6bRFES1Kk5nV+I/xIzlwHLqzYDOj366oftOeIzc7Kuxs9CekUxMQBWmUoGQKefBmdjQYjY
Ydx+b0HO+y6opI7f1ll57ltdLgZ/Hw4OKgdmpYRs2EWoCZKT0TJUj2Dh10kaDjaLCeCwKkwRFNg5
Ww8Hskx432Q2GmPfAfC5GYx/5x8cqORDmvh0ZrRiCjVhAMbvk7x+Eud5kcOq89FktPCe1ksgNCAt
BwQvJ+JsJW4/7MQHAPx1fRDTuZjMNvPlZjYRN2/vECmThbBnQLeMS1BdjJajCbH5ReXQZzDFeGxX
7wvdsMUED1IetCVAk3Fuk6xMFSItppETtjc5fGa+1WiCGQRdjGJAftmxQz7AIeJOyQyLOi4OcRKU
5AS25k9kzinEwgQQ0Ucxa4tPqEoITpSwqIvIvO1PZJLqVE8aOL0vGeUkrd9d/3j3aYeJo/I1qgTm
YmNKvbm8hAPj2h8FRXbZiXrZo/KFzCEr6G1U1QjCkTVCZKDumUSR7c527cgVHkGVYl/t87PbOhcf
i0cxvRLj8WY620xm4ubWeow2WHoeGXeb3BUn/BW7G2EDWHiCZDpgsbe3LCqznVxNZlOapMUMQbId
06iHINsZz+hSHnOPIlkFBr7aMtuuYm6LKKIZa37v51pVpxdzVYBjbiorTNgK6ol9PR7LVWX/J/f1
Olwv9vXiarra13M1We7r1WIe7OvlTE7xO5zSfxeTCHv8xZoIAmuLOg+UE9uTQZyoR5Wp3OhtkfOW
NC2OXpQmh7gV16ol8yRDtLh9di4r/GYiKioQbi3kjjZg1ozLx7L52SHQdsLGZaRAd+MBqkySH/R2
+u1quJw+zYbTb3lLCmFTj5q27V/eX991U+zSY1GlYTenlQq3NCSTjkqpNTaE2//kP1C0QWwnP8ld
neCmLIHHx9P5B5qlHG6xbnTKUgpB8QEJIQKOvhoiUytIQShgA9GFt/dhh6AUd7HSSjQ6CVkpYWIl
AEAaP6QRAbnFCF+JJA/SOlQhfoivgp9o3RboBoqICLykqWWkhqLACooeSAq/UvJBnIq6crREEgn4
JokS5gC3VAjT9ESEP6JMN+QuQxVJ+EWLY5H/yQhZlkpWggyWQdkAIXKC+ILqitX7GKtc1OWhkiEI
jPY55Y8lttnn4uwurhQyAFOQIpX5oUaHLajjZZO5XNMJxmkB+skvbFQ6+iZWgdPi+UEI0ICLykfH
5CEpVZjIUVEdLml0SS3HfRHdv7v94X45u/Km93QOZmwJbdB/qPywHxCjz7Ei2wlTQB6UWGgptKnY
vih/uU6lgd14ma3JkkIO/FKGXYqalgRKxKjQKTs5A2GbFx1LRlzM67g2YUE5ZC8cJIxDoiAtNFid
yRBRtxH64fTnxBQn/CUAteJeU54KAhVIKFwhEY+JFH8jVMEWRhfPrWwE9Q508DbGOUnRq1GlheNu
XSgdIVFrBCeKAgKEtb7evcNOVJuQ7NcteBDXh7Ad+RuGsYYO9SqU/gJhjEghUf2TcPGF7Q702tXO
PGefEzigyBFqMgxFpbSNSBITMfgAcaSuK8YugTj0FdkDzlA/1zIlNx2SR+x9lCl6pnPHkto8ELf8
ALaK8N2Dlw8HVW2wSpw/1pkPLyDNrvUpD+6kfkAmVA/UWNP6J3IOxW2jJO2KqwLYilDBbj0UjEXC
QRpCeQgzZLCavTeSWVAjaS6rc2QUbWHatxxK0AdJVxVPQFzcy06kDqdA3opGVrXivIsoc2kLZehQ
JOZPsJyp+FSoqBRxdL44K86hAfwspmQR1sFzWm6YEmWxBUXO4b+mhQ/DUnMg7LRgrCSsylA2/ZOB
QOLWijJm5okm91oEgE7HhAVjYwsqMw5z3ZRmu0RJRT2uAIbnTCoCdjQcrfuhTM1BeyigR0EpQzYD
nwMLaUF8IwjF94wiDNgGKCTD/+caUK/VyL+YTL8Wnyrq/0p8bYqSJXA41krkqGmBvKJyqcJGHuLZ
CDW2Iu1UlRRcqCgbNXELGKqdaG3GTcAHYBNSlPEODxmhbK4xwBc5IAw5CrMRPvyWVa010UuljP2U
7Xbbnksx0UD+dblsAYk4/EAgQrWPt4++3kw6u44Y9itVQCVSs01IVmtge7ZVAGZUpe7UnI2dnvri
VYGc1jOr9UFWPtzv4b6T2laRcuxVq3I0kSjujHBnkL2ZzGsuxn0pUDJqBMLFsEGFF5HgQsEiaxQ1
6JB1ITYSP9hKyCOEQ1zUadgKkgBDjrnoRKewFSVLDgWXuICxjuLsL5wIX6Ejx4o93SoVVUXWgCyd
deteH5d6PoUSznUvQ+GV+Omdo5Y9iOv8QVt7v+eQJ0jkSZKMLjOkjbA98pCzs0Jrou0mj7oD6nI6
WkSqcbPLkqulk/NtYY+9dB+VAeqh7LE+BcvFbfs/0JlLkReg11dWaxcLDSNaaOv3vyS1z3NlyBdt
U4fQSG0t9KXBZYJaEUn9L0og4slBEiegbVndqkUiX7VVkbHmrI9dzQolfnUyRHsovEkvmKn6MVvP
NKIAVhZLiypdteXrAJW60GKdc6A9i0kn00j8Ny49MO8WXTIC983u0xBnIYEP/DkmoYktaHN+t+Q9
Jr8RK9cadE2DZsP0to7EdYh8imUaXaL9t31MqBBnjhFY2vgr8n5CtvW5R6vXKd08UfJRIyTToU1s
Yvw5ydFfQi2EjeLQpmr/aZfvml6h6+apDaJDRwD9nlr5vPTcsN+V4dKm/PqwcW3Hd2JC7YYrK9RX
8nLTU2rGsVg1vebeuQKFuesUtbjURpoaAXN5CKxpgWuh7jFt7nPPbhSqaSNJbmhi71K81YUXqcsO
D2BEwxHmjnj2CPqc/DFJWZuXKxkOHdwdBKpSClAPlyMYEb4MV/IZZ2Aq3eJMTzCY2XwtJ2cvO/Xs
4w93NxvBeIy/QY0LWY4LGRPipxFyKgvuOLfitc6/fubHAHcPYIyzAscXFytIQvFkKKamY1dcCORs
zaIAo+swzbtC5fDg+XSDbrZPvqVEJgV9qVWP2fkEKfQKl6GYYmHy2oIyweiC01mrvhQcKHdEma5j
7rFFKECW5UdNgfUxX3y7GzFBBN+QqK0ioJDpUZ60pe3o9CLsGbJzgF1nRZ33S4N2zVwjBIlP1Og6
AdSmnxsx/+2jssJsaGW3NJ7XIzG5mr56mqMrV/bu6StLzVcRYRS/whCWkRtaqvZtpgeKFhPpCRtB
i7YvoSu2oqtZeXLPCa5Kta0OQ0gktWGrsl0cwEV1ytsKjVD1KHmTwBYZvp5VdIdHYIBsY6p/FHRL
srmh6XsGfU+joKbS0+r/whlk0MYZH+STkC/tgvtRwJWji4fnvuAg/VGGSa17x5wfpJOOk9QedXFH
+9HHEFrRI5hXlyFisRMQ13MlLRN+1OvqoxW8u/Q1so++Ft4h41EmfH/HXb1Wzr/uPKc9z3saztqI
9f+IWlmUdeqoud9UtF4Q3ueckx6sR0Lbpz6P40iTJcmUGVDc0DONm504eKA3tI2wbV/jUnr+r0u0
QbYXtAHJ4GFbEEcLVFZ0yjEkogsaHiUxaid5TmZ+gsi3W9zznb2/bywY0VMDfYIQdtZWXxckNnpd
j9+CG8W1R49Cz2faQvNstozLJI+KLgzignzPLEe9N0K0SCxfXuSnjC4AnCEa9tWtoHSjccuiW2aB
6eOYkIcDqo97OGifZKh7pA8xD69rY+Uhcvo1echeNpTZxS9PIybs6sY6oMo9V7a73pBni7L3mPSG
3hn54UulRUnVaogxNKBXPdM0aehZIvTQCsaO6XMfOgDa5EprTd5BPvaICPeto9dd1GhFtbEFrgE8
R408ZJcb+vqFUY7H42smSROUG+uVmydJ9dYOqJUBfSfEppGGlxDsdIHeiJ/op4ciM+Qb9d+JokXB
pkHpv9CyEs1Nwl7nmuduvqe99uDL116uYpo7BlI7QyORQFBX4nuiM1cWgH8Jev6m1OWS1HHbCHo5
39DL+uLqaTKc2df1b0NUYota56ZSGABhtuuxOCC+tR3NFxf8IK6ejMrJIPzh6g3qUP8LGMVQf4yC
cGi/M5UBbXYD/XOaGDWzH+k8+0HwF/vVbspfz/wAnU3c/QsJmSJ3ZNVN2H++0YzqKm0HUZIi0Jn0
ZMLEIlO2q4fuy9ch66ZjpDJ/XqP9/9DuW9uUv7WxvUP7RZE+GlpxM98+Ebck0DaeStOpaCRJHPYN
crt7z1Sm9G0hQL/XHT7BJPz90P0SixHJT8yER5+xpuPFeIaf37yjq3awXK/9pe8Hs3E4W8poJoPZ
PArDub/yF/5qvYrUAn/EN+C0i8lwZFjLuNDJU+cWd9V3Gyak8I8qcvdUzDI/FUVrPwyWC3/sKxmt
o7kM1TIaL6P1fK2W4XwWRuF6umR+Os6KzrKak08/1zSxxsRmUzyoHLWoamc+K/kA1LCGGi0xc5L8
8WUC69OGX5LSjqajxeDLl38CPFdmSA==
===END CRASH DUMP===
