PocketMine-MP Crash Dump Fri Nov 27 09:35:51 EST 2015

Error: Allowed memory size of 1073741824 bytes exhausted (tried to allocate 134217728 bytes)
File: /src/pocketmine/item/ItemBlock
Line: 41
Type: E_ERROR

Code:
[32] 		parent::__construct($block->getId(), $block->getDamage(), $count, $block->getName());
[33] 	}
[34] 
[35] 	public function setDamage($meta){
[36] 		$this->meta = $meta !== \null ? $meta & 0xf : \null;
[37] 		$this->block->setDamage($this->meta);
[38] 	}
[39] 
[40] 	public function __clone(){
[41] 		$this->block = clone $this->block;
[42] 	}
[43] 
[44] 	public function getBlock(){
[45] 		return $this->block;
[46] 	}
[47] 
[48] }
[49] 
[50] 
[51] 

Backtrace:
#0 (): pocketmine\Server->crashDump(boolean)

PocketMine-MP version: 1.6dev #50 [Protocol 38; API 1.13.0]
Git commit: 0000000000000000000000000000000000000000
uname -a: Linux (none) 4.1.5-x86_64-linode61 #7 SMP Mon Aug 24 13:46:31 EDT 2015 x86_64
PHP Version: 5.6.10
Zend version: 2.6.0
OS : Linux, linux

Loaded plugins:
SimpleAuth 1.7.1 by PocketMine Team, shoghicp for API(s) 1.12.0
KeepInventory 1.2.0 by boybook for API(s) 1.0.0
DevTools 1.10.0 by PocketMine Team for API(s) 1.3.1
CustomChat 1.1.2 by Array for API(s) 1.7.1
SimpleAuthHelper 2.0.4 by aliuly for API(s) 1.12.0

----------------------REPORT THE DATA BELOW THIS LINE-----------------------

===BEGIN CRASH DUMP===
eNrNWmlz28i1/SsdypVIKYIiuItTnPf0bM2LK14US1P+MJxSNYAGgRG2QQOi6Cn/95x7u7FQUlIT
Jx/iUllAL3e/595u6LdBFadqsHZns9ViOruYu8OBKsu8HKx/G1SHAlODq7urT58+fhoMB6nSWu5o
7DJJ8r0KRKrSvDwIHX9RIg+FO15OlzN3NZkJ71ApLdRjJGtdYeVpVcb4VeVCYq8vKyXc6WziLpeT
lVl8Bg5hnBD5c13650Xu36sqjTN1HlcqPX+L//4PW++xLsHoYD1zvw4HRVLv4mywDmWi1XDg54Ei
4acT0NlW26qQpcqq9fruzs8zXZW1X52+8oiO8/1OVW+D07Oh6A28kSl05EE/r7PqaPKDTDF19h1E
mE6ZwVd6nOGRfs95qKi9JPZFWGd+FeeZ0C3RV6mq5NlvtHRhxXtVRbF2vqcJsRG8QPxhsxHbbVYn
ifgfO/RHMX4MxdoOM//lMQUrZI9ZR9kIvOoEvjACz8YvCgxTJXkGRUnSmfsCH4jKS0R/kJjMJi2T
2dQymb3IBNZkb1ouc8ulVFVdZs/pLjq6S0uX9OEBaENWGQ7m4/bJNU8IkKqUPkLip8HJWJyerUUX
V9vtjSofVOl875dSR2/qtDj18jxRMjsb/Dwc7FSmSplQOGGVhtTg6I4WgXoAW6+Ok2Cwno8Rg2Ve
5X6OldPVcCCLmNe509EY63Zxhdfx7/yHDaW8T2KP9oyWTKHOJCXp4F2c1Y/iNIPhz8Rs5I7mzuNq
cbeYOcgHxP3CFSdLcfP+WryHgS/rnUAiutP1bLGeuuLqza2YjN25MHtAt4gKUJ2PFiOX2HxRGfQZ
TPA+NrN3uW7YYoBfEn5p806TcW7itEjUZV1F9GaF7Q0Oj8y3HLkYkZjIS01+uWaHvIdDxK2SKSZ1
lO+i2C/ICWzNn8icE4iFAZVJL1GQFLmMhA9UAbmJEOZ0HlZv+gOpJGzoCQOf9wVLckk639xefrr9
8RoDe+VpwA3Goqoq9Pr8HP6Lam/k5+l5J+l5jwqM8VelirfZA4AGcNgzwvH4sR0mbOWeHbz8gOi7
P1J6/O06H/Hebt/TaKvw9ceb288fP71701fZJswb9XCLLNA9PdqhYxXc8VMdnvqyr8sUjv9GXRr+
221Pkm/2XUsDyr5GecrT15Gseur2Bp8oPJoc6QuFS/lIWJXlD35UDX7uK7z8doWPyW63nUTbre//
fl92YfoXlRSqfDFB7VRfVQTnaHbsWpnEdXL411KyjwL/RFtDeruNWJDfFasvuVgm6heZBWUOcr32
wbFQdY7ios5TiX6kPH+m/VfCNFnCNphuvMPlYQR4x4oqVgSAJ9ftm3idZ2G8E9S1bMttdnIb1eJD
/iAmCzGZrGeTtXshrm4M7NICQ88hB2zi2/yAH3F9JUwVEo6g6Nxhsre2yMtq41640wkN0mQKpN+M
6S2Vj9BNHiDvZsojupD7zKFypLjKbpjtPoLJUCN0tcnDkEaMw5xfa1UenoyVaJOaoTSvglZQR2zr
8VguS/NLbutVsJpv6/nFZLmtZ8pdbOvlfOZv68VUTvAcTOj/uRtijTdfEUGZZeipfGXFdqQfxepB
pQApvckzXkKtpRMm8S5qxTVqySxO0eTZdWYszb1mIMxLEG4tZLdGsgz8vGzfi4eieQziMIz9OqkO
G5eNy+UeaOmgiaribKc3k++Ww8XkcTqcfMdLEgibONQYb354d3nbDbFL93mZBN2YVirY0CuZdFRI
rbEg2PyZ/0HRusodLR+Uld/00nBTGsPj48nsPY1SIW4jeXRIEwpBQQkifI6+GiJTP0VBKGAD0QGd
8/4aQSluI6WVaHQS6IdFFaFfzxDBFRBF+OSWSnhKxJmf1AH69Jja1ifBT7Ru8pQ7/eo5TS1DNRQ5
ZkpNJIVXKnkvDnldWloiDgV8E4cxc4BbSoQpEh+EP6h9S+48UKGEX7TY59mfKiGLQslSkMFSKOsj
RA4QXxBAGr33kcpEXexKGYDAaJtR/hhi620mkJhIfSfBEKRIZLar0SELOiuwyWyu6RjvdDhJ4i9s
VNr6OlK+1eJ4IwRoMEhlo318HxcqiOUoL3fn9Hb+Dgl3l4d3b28+3i2mF87kjvbBjC0h9PPAzt12
QIw+R4psR0ckDYSkc5LAeYXtix4204mszAnKWpMlhRx4UhW7FI1p7CsRAQQTdnIKwiYvOpZ8UMK4
juoqyCmHzLGOhLFIhN5eg9WJDBB1a6HvD/8bV/kBP4SzRlw+AgoCFUgoLMSKh1iKvxGqYAmjSwO+
a0G1gTbeRNgnKXo1Wm1huRsXSktI1BrBiTqCAGGtL6/fYiVqUUD26yYciOtB2I78FcNYQweWEJT+
AmGMSCFRvYOw8YXlFvTa2c48J59jOCDPEGoyCESptIlIEhMxeA9xpK5Lxi6BOPQU2QPOUL/WMiE3
7WI0X+JBJrUSp5YlSsEZiBt+AFtF+O7Ay7udKteYJc4f6tSDF5Bml/qQ+bdS3yMTynsk1ojmfyTn
UNw2StKqqMyBrQgVrNZDwVgkLKQhlIcwQwqraSrwbBaUUhpL6wwZRUuY9g2HEvRB0pX5IxC3UjAB
1OEUyFrRyKpGnLchZS4f7ZGhQxFXf4LlqpJ3BYpKEUfnk73iFBrAz2JCFmEdHKvlmilRFhtQ5Bz+
/yT3YFjqIZp7B8ZKwqoUZZMvEUbixogyZuaxJvcaBIBO+5gFY2MLKjMWc+2QZruEMcIF8KWodSYq
IbCj4WjcD2VqDtpdDj1yShmyGfjsWEgD4mtBKL5lFGHAroBCMvgv14Baskb+uTt5Lj5V1H9LfHSy
BUtgcayVyFLTAnlF5VIFjTzE87lRr1UZ51yrKCE1MfQZra10bdK5YAW8CSjQeIWDpFAm3Rjj8wwo
hjSF5Qgi/pFhjUHRTiUM/5TwZtmWqzHRQAp26WwwiTh8JByh8sfLR88Xk9q2jYYJC+VTldRsFpLV
2NjsbRWAJVWhOzWnY6unPntRIKv11Gi9k6WHCHD8PElMt0hp9qJVOaBIFLtH2D1I4FRmNdfjvhSo
GjXd6A0bYHgSDDYaDLiGYQMQaRdlI/HRFEN+Q0REeZ0ErSAxYGSfiU50ilxRsORQcDEeGx3FyQ+c
C88AkmPF7G6VCss8bXCW9tp5pw9NPZ9CCeu6p6HwQvz09lHX7kd1dq+Nvd9x1BMq8iBJRgcf0kaY
NnnICVqiO9FmkUMNAjU6HS0i1bjZJsrFwsr5JjfbnrqPKgG1UWZbn4LhYpf9B3TmauT4aPeV0drG
QsOIJtoS/k9JbbNMVeSLtq9DaCSmHHqywnmCuhFJLTCqIOLJohInoOla7awBI0+1hZHh5qQPX80M
JX55qIj2UDhuL5ipADJbp2pEAazMFwZVuoLLJwKqdoGBO+tAsxeDVqaR+AvOPTDvBo0yAvf19Y9D
7IUEHvBnHwdVZHCb87sl7zD5tVja7qDrGzQbprd0JC4D5FMkk/CcLnC5lQkU4swyAksTf3nWT8i2
RPdo9Zqlq0dKPuqFZDI0iU2MP8cZWkyohbBRHNpU8H+8zq6bdqFr6KkTok17YP2WuvmscOxrvzHD
uU159W5tO4/vhUsdh60s1FrydNNWasaxSDXt5ta6AmWkaxa1ONeVrGoEzPnON6YFrgW6x7Q50h0d
KlTTSZLc0MQcp3ipDS9Slx3uw4gVR5jd4pgtaHWyhzhhbZ7OpNi0s8cQqMqXK6QIghHhy3AljzgD
U+kgV/UEg5mr53Jy9rJTTz58vL1aC8Zj/Ph1SZ9L4A4ixHck5FQW3HJuxWudf3nkRx/HD2CMtQLH
FxcrSELxVFFMTca2uBDImZpFAUYnYhq3hcriwfFwg26mVb6hRCYFPalVj9mpixR6gctQTDDhvjSh
Kn90xumsVV8KDpRbokwnMnvfIhQgy/CjpsD4mM++3aGYIIIPSdRZEVDIZC8P2tC2dHoRdoTsHGCX
KX2A6pUGbfu5RggSn6jRiQKoTY9rMfvHW2WJ0cDIbmgc1yPhXkxe3M3RlSlz/PSUoeapkDCKL2II
y8gNLVVzPdMDRYOJN/IB5Zg6v5hO2YpOZ8XB3ijYKtW2OgwhId/XNYBpAS6sE16Wa4SqQ8kb+6bI
8AmtpGM8AgNkG1P9ktNByeSGlinFSsooSqWn1f+JM8igjTPey0chn9oFRySfK0cXD8e+4CD9JIO4
1r1t1g/SSsdJarbauKP16GMIregezKmLALHYCYgTupKGCd/rdfXRCN6d+xrZR8+Ft8i4lzEf4XFc
r5X1r93Pac/jDn3iXYvVN1Er8qJOLDX7TEXrCeFtxjnpwHoktLntcziONFmSTJnSJ1y6qbGjroUH
ukZbC9P2NS6lz3h1gTbI9IImIBk8TAtiaYHKknZZhkR0Tq97SYzaQR6TqRfTx2ReYm/wzBF+bcCI
bhvoU6Iwo6b62iAx0Wt7/BbcKK4duhc6HmkLzdFoERVxFuZdGEQ5+Z5ZjnrXhGiRWL4szw4pHQA4
QzTsq1tB6URjp0U3zQIj1qSQux2qj707aG9lqHukD6r3L2tj5CFy+iV5yF4mlNnFT3cjJszs2jig
zBxbtrvekEfzonef9JquGvnuSyV5QdVqiHdoQBd7VdOkoWcJ0UMrGBv1KaMOgBbZ0lqTd5CPPSLC
fgzpdRc1WlFdmQLXAJ6lRh4y0w19/cQo+/3+JZMkMcqN8crVo6R6a16olQF9K8S6kYanEOx0hl6L
n+jRQZEZ8qH6Z6JoULBpUPqXtKxEc5Iwx7nmxpvPaS/d+fKxl6uY5o6B1E7RSMQQ1Jb4nujMlQXg
J0E34JS6XJI6bmtBl+drulyfXzy6w6m5YP8uQCU2qHVKn2r4zy82q7HYIb61eZvNz/hOXD1WKiOD
8FfK16hD/S/ZFEP9dxSEXfsXIoVPi+2L/jWJKzU1H9sd82H/i/n6br7Pej46m6j78xKZIHdk2Q2Y
v5Jp3uoyaV/COKnoixtIuy4TC6uind0F3WPaDUdIZf7USOt/0e23YvpmzvYOzF8G0Md/I27qmVvi
lgTaxkNRdSpWkiQO+ga5uX7HVOhrZuGj3+s2H2AS/jsA+yTmI5KfmAmHvmRNxvPxFI+v3tJR21+s
Vt7C8/zpOJguZDiV/nQWBsHMW3pzb7lahmqOf+IVOF1HZDj+tsiMcx0/dm6xR327wCWFP6nQnlMx
yvxUGK68wF/MvbGnZLgKZzJQi3C8CFezlVoEs2kQBqvJgvnpKM07y2pOPn2saWyMicVVfq8y1KKy
Hfms5D1QwxhqtMDIQfL3F/oOTAu+xIV5m4zmg69f/w6qtt+n
===END CRASH DUMP===
