PocketMine-MP Crash Dump Sun Nov 22 01:46:25 EST 2015

Error: mt_rand(): max(-1) is smaller than min(0)
File: /src/pocketmine/scheduler/AsyncPool
Line: 61
Type: warning

Code:
[52] 	}
[53] 
[54] 	public function submitTask(AsyncTask $task){
[55] 		if(isset($this->tasks[$task->getTaskId()]) or $task->isGarbage()){
[56] 			return;
[57] 		}
[58] 
[59] 		$this->tasks[$task->getTaskId()] = $task;
[60] 
[61] 		$selectedWorker = \mt_rand(0, $this->size - 1);
[62] 		$selectedTasks = $this->workerUsage[$selectedWorker];
[63] 		for($i = 0; $i < $this->size; ++$i){
[64] 			if($this->workerUsage[$i] < $selectedTasks){
[65] 				$selectedWorker = $i;
[66] 				$selectedTasks = $this->workerUsage[$i];
[67] 			}
[68] 		}
[69] 
[70] 		$this->workers[$selectedWorker]->stack($task);
[71] 		$this->workerUsage[$selectedWorker]++;

Backtrace:
#0 /src/pocketmine/scheduler/AsyncPool(61): mt_rand(integer 0, integer -1)
#1 /src/pocketmine/scheduler/ServerScheduler(78): pocketmine\scheduler\AsyncPool->submitTask(pocketmine\scheduler\SendUsageTask object)
#2 /src/pocketmine/Server(2189): pocketmine\scheduler\ServerScheduler->scheduleAsyncTask(pocketmine\scheduler\SendUsageTask object)
#3 /src/pocketmine/Server(1961): pocketmine\Server->sendUsage()
#4 /src/pocketmine/Server(1703): pocketmine\Server->start()
#5 /src/pocketmine/PocketMine(442): pocketmine\Server->__construct(pocketmine\CompatibleClassLoader object, pocketmine\utils\MainLogger object, string phar:///home/power777888/mp1.5/PocketMine-MP.phar/, string /home/power777888/mp1.5/, string /home/power777888/mp1.5/plugins/)
#6 (1): require_once(string phar:///home/power777888/mp1.5/PocketMine-MP.phar/src/pocketmine/PocketMine.php)

PocketMine-MP version: 1.4.1 #980 [Protocol 20; API 1.11.0]
Git commit: 0000000000000000000000000000000000000000
uname -a: Linux (none) 4.1.5-x86_64-linode61 #7 SMP Mon Aug 24 13:46:31 EDT 2015 x86_64
PHP Version: 5.6.10
Zend version: 2.6.0
OS : Linux, linux

Loaded plugins:
KeepInventory 1.2.0 by boybook for API(s) 1.0.0
DevTools 1.10.0 by PocketMine Team for API(s) 1.3.1
CustomChat 1.1.2 by Array for API(s) 1.7.1

----------------------REPORT THE DATA BELOW THIS LINE-----------------------

===BEGIN CRASH DUMP===
eNrtWmtv20a6/isDOcDKW1EWdbdyXJwgSXeDTRqf2kE+RIExJIcSa5LDckjLapH/fp73nSFFOXa3
J2eB3Q8NjJicmfd+H/q3XpVkqrfyp9Olv5gulrNBL5Wmel2WuuytfutV+wLbvZ0s8yTf9Aa9TBkj
N7SWVTelzKP+6Upk8r7v+aciMcJkMk1VKaqtzEWW5P3RKaDiOk1/SFICK7ayXJ2dnW11ps4KvVPl
YrFYLpdnWeEPZ2eXOrxV1bskV967yyEdPjNliIO0DHzqzIRbFdWgcfbC7PPwUusU5wqiYin8AQAc
TrHVW839Qa8qZYjHT72TkfgDsP25TyI76ZO8UhvIOxqI5hGaAP4T/3eQXanyTpVXzXt/sQTKw8n1
uj26XreEve9NHWRJdS3Nbf+Jw1cqjz6QgeiQ0MHPKqyYm/FX3Fge+mN/ef408QeMggX3yFx9EyeT
pzjxz1mzXXx2B1QbZH1GMX0SxWI0eQpFJcvKgs++Aj94XX86HT+B4eYm1LmpyjqsjoR+qbNCVkmQ
qpeIHfNWywheYCUeHGGqqyQ16/U7meRv9WbTOQW0iC/xfw+OFvQpmH96oEjrTZKbM1bNXPTJBqX6
pU5KdaPzUPW/mbcnlUzxetr7/GXQU//qRPMtKQB8WCX0VrFMjRr0Qh0p4mo2BrJ19QWHZxM80u8p
LxV1kCahiOs8rBKdi05otqEhnlX4//Q3gpox1LpK4n5ijKr6z6ptYrzv6YT5xAe97zeKMbyBrJ9P
hS6FW0/M32QZsPtbbHOHbV2VqqrL/DktLtwic7t03J67xX9GTlxYYoRpPrLAc78BNiqFm6rooy5v
ofMLsV43VkHic7hN8qsSnvBPGcf4ISyRMkyGT+8YFQf1pwf4PzOCiUMQ67L/LAHg6LnA7//qknsu
vvvuWcI6mU9bnUDHjxFJPhPwETsWctZCPibqs4TZmT926PdkSqwYixaO7DJfdow0P7d6XoyOjWTR
mK/UwkksvO1btyLsC/8xyMeV+t13z3tf/qx2f1a7P6vdv6XaDXoblatSplRYoGKDsoHo9YfToQ9m
gjpJo97qfDlCNSp1pUPUqNUYb7JI+JzvD0c4uEkqvI7+4D8AlPI2TQKCGS4YQ51Lavp7b5O8vhf9
XOfqVICL4cy7X85v5lMPlREVcO6Lk4W4encp3qHCvag3YjwV/mQ1na8mvnj96lqMR/5MWBjgpS58
1ZsN50OfyPwKN8b7GO8ju3ujTUMWC/yS8ktbgQ0p5x9KFW/yO5VXutzTguP3eH1wpMQx05B1tdWl
ofQW6H2g9S3pnRX4CYdGOIR3lUu4L3iDd6PYR6oApwSEPaPj6lV3IZPUFxzTtk5NHQS8H5uX76+u
P77/6e0rLO1UYJIK7OaYeSDXK3V3jXRmOnK0S8ci+KOHMhx8SFwrmR3JMoHXfKMsDf31usOJE+Xq
+sVP1x8uu4L0tlVVGAQDPG9bB8NQZx3vPmtxQNiXtal09nIrq464ncUHAg/HR/JC4FLeUyXL9V24
rXqfuwIvvl3gY7TIYS1H63UY/lFbkpPKEjJVqmwIcrIcIl4LVVaJIo8+uWzfxEudx8lGUFe6Ltf5
yVWdix/1nRiPxcinOBrPxOsrG0d0wOLzSHEXybXe40dcvhY2J6O3IoVvsNk5W+iyuvDP/cmYFmkz
Q+hejOgN7bJXpHIPfi8mSAYMVshd7lGGUdy5XjDh3RZyIuxNdaHjmFasnr1falXuL3TeWSpRGJpT
ma6illNPrOvRSC5K+0uu62W0nK3r2fl4sa6nyp+v68VsGq7r+USO8RyN6f+ZH+NMMFsSQpnnGj21
cnx7Mtwm6k5lCDzj2EDfr3denCabbcutlUrmCaaC5pxdy3TQLKCTBOJWRQ4UuTsKddm+F3dF8xgl
cZyEdVrtL3zWLidwZAAPHXyFMmEuxs8Xg/n4fjIYP+cjKZhNPZpmLn54++L6sMQ2RX+WRoc1o1R0
Qa+k0mGBcooD0cVf+R8ErSvtGXmnHP/Ed7mHldAWXXhMjvJqW3OG+ywlBxTk0SJk36vBL80n5IIC
ChBHlQsuKa63yijRCCRkqTBTKYGiYGi4qkRINqlEoNDzhWkdqQgP4ivXJ1xXqJZCx4TgIU4jYzUQ
GjulIZQiKJW8FXtdlw6XSGIBwyRxwhRgkxIumu4J8Y9q16I7i1QsYRQjdjr/SyVkUShZCtJWBmFD
+Mce7AuKeCv3bqtyURebUkZAMFznFD0W2Wqdi5Prbang/VgCF6nMNzWaL0FDIKvMRZpJ8J5q4E9+
ZaUS6MutCp0Ux4BgoMmbKh/uktukUFEih7rcnNHb2VsE242Ob95cvb+ZT8698Q3BQY0topVYI91t
1j0i9HGrSHei0oL6QwEpXa8DM6E5N6lEr2+3WZvMqaIpEoKxSSN1l4RKYGCOUjZyBsQ2KA4keQLG
utnWVaQpgOwgTsy4PBSm2oDUiYzgdSthbvf/nVR6jx+qDZbdFxSkghIKd1O2uIu7RIr/oYyCI5xZ
PLezEpTOCfBqCzhJ3ms0uHTUrQmlQyRqA+dE6oeDsNQvLt/gJOpIRPo7bHhgNwCzB/SvOYc1eKAJ
QbEv4MbwFGI12AvnXzjuMl67e1DPyccEBtA5XE1GEVpIYz2S2IQP3oIdaeqSExddVwSK9AFjoNeU
KZlpk6CbEHcyrZXoO5IoBKdAbukh0yrK7h6sTO3zCrtE+cc6C6iZjsXhpsGNjEPa/0DGIb9thKRT
21IjscJVaGIdCE5EwuUzuPIAasigNUPFmdWC2kdrWZ0jougI475iV4I8CLpS3yPdVgoqgDgcAnnL
GmnVsvMmpsilIxShGByrv0BzVclQkaIyxN75AFb0IQHsLMakEZbBc1KuGBNFsc2IHMN/S3UAxVIL
IOyy4ERJuSpD0Qz2FRgSV5aVERNPDJnXZgDItEuYMVa2oBrjEq5bMqyXGJMCHoSiXpCwxMgdDUVr
fghTs9NuNOTQd3xLlZBnbphJm8FXYrTmFMLZukIKktF/OPvUTv0O81RJ/1/MoysrmL5LYS0/DpsR
CCkqkypquCGaDUv+aDy1XF2qMtFcpigWDREMOVE77tp480EKqSYiH+MTHuJB2Ujj9K5zJDBEKPRG
2eEptVp1ootKOfNTrNtjay7EhAPRd4hkm46IwntKIVT5+Pjw68Mktmt6ocJChVQgDauFeLU6trCt
ANCkKsxBzMnIyWlOH2XIST2xUm/sZaOHCTS1TSJF2KNaZXciVhyMcDCI3UzmNZfiLhcoGDV84XTQ
5IQHzuC8webVOG5yQ3bwsqF4b+sgv8EjtrpOo5aRBBlkl4sD6+S3omDOIeCcuuCcCf3AkfBVbmRf
sdCtUHGpsybFEqzb97pZqWNTCOFM99AVHvGfDhy16+G2zm+N1fdb9npKiLxInNGQQtII2x4PODxL
NCbGHvKoN6Ae54CLUDVmdoFyPnd8vtIW7KH5qAhQB2XBuhgsFXfsXyAzFyIvRJuvrNTOFxpCtNFW
799Ftc5zVZEt2pYOrpHaShjICnMENSKSul9D15fCZSUOQNuwul2bjALV1kRONyfd9NXsUOCX+4pw
D4Tnd5yZah+T9aqGFaSV2dxmlUOt5UmACl1k050zoIXFouNpKP6OeYcvpDNqWF5efhgAFhwEyD+7
JKq2NmtzfLfoPUa/EgvXGBxaBsOK6RwdihcR4mkr0/gMzb/tYiIFP3OEQNL6n867AdlW5w6uTp/0
+p6Cj9ogmQ5sYBPhj0mO7hJiwW0UuzbV+g+X+WXTKRx6eWqCCGiHXL+mRj4vPPfa7ckwr6mg3qxc
0/G98KnZcJWFukrebjpKw3lsq5pOc+1MgTJy6BONODOVrGo4zNkmtKpFXotMh2gzyh3NE6ppIolv
SGInKT7q3IvEZYOHUGLFHuZAPAuCLie/S1KW5uFOBqCNm0AgKl+FkCBwRrgvpyt5RBk5lWa4qsMY
1Fx9zSdHLxv15Mf3169XgvMxfsIa41iOcYwRJVmRcm/LjDvKLXut8V8c2THE5IEc47TA/sXFCpyQ
P1XkU+ORKy6U5GzNIgejSZjWXaFy+eB4uclutku+okAmAQNpVIdY30cIPUJlIMbY8B/bUFU4POVw
NqrLBTvKNWGmYcxdtAiFlGXpUVNgbcxj72EephTB8xH1VZQoZLqTe2NxOzwdDzvK7OxgLzJd593S
YFw31zBB7BM2GiaQtelxJaZPg8oSq5Hl3eI4rkfCPx8/Cs3elSs7eQbKYgtUTDmKL2Aol5EZWqz2
WqaTFG1OvJJ3KMfU+SU0YCsazIq9u0xwVaptdTiFxNJUrFXWi0twcZ3yMW3gqh4FbxLaIsPDWUkT
PBwDaBtV/axpRrKxYWRGvpJxFqXS08r/wBik0MYY7+S9kA/1guko5Mpx8IdjW7CT/iSjpDYdMGcH
6bjjILWgzu/oPPoYylZ0/+XVRQRfPDCI4VxJS4Sv8w710TJ+GPka3odfM+8y404mPL1jUq+Vs6+D
57DndY++w67E8puwFbqoU4fNPVPReoB4nXNMetAeMW1v+Tz2I0OaJFVm9LGKLmncqu/SA12frYRt
+xqTQkN5XaANsr2gdUhOHrYFcbiAZUFQjiAhndHrThKhdpHXZBYk8Hx7xN3c2el9ZZMRXTSU0myF
XbXV1zmJ9V7X47fJjfzaoyuh45W20BytFtsiyWN9cIOtJtszyWHnhhAtEvOX63yf0QDAEWKgX9My
ShON2xaHbWYYviaF3GxQfdy1QXshQ90jfVu+fVwayw+hM4/xQ/qyrswmfggNn7C7K2uAMvdc2T70
hryqi85V0ku6ZeRrL5XqgqrVAO+QgO70qqZJQ88So4dWUDbqU04dAB1ypbUm6yAeO0iE+4bR6S5q
tKKmsgWuSXgOG1nIbjf4zQOl7Ha7x1SSJig31iqv7yXVW/tCrQzwOyZWDTe8BWenGXolPtGjhyIz
4KH6M2G0WbBpULr3syxEM0nYca656eY57bHrXh57uYoZ7hhI7AyNRAJGXYnvsM5UmQF+EnTzTaHL
JelAbSXo0nxFl+qz83t/MLEX688jVGKbtfpVqfCCDHOxHIkN/NvYt+nslK/D1X2lclIIf3F7iTrU
/SZJPtR9R0HYtH/1U4R02L2YX9KkUhP72dSD+emLpv2Oar81BiE6m+3hT4ZkitiR5WHB/klT81aX
afsSJykcnVG7j7pxVbS7m+jwmB2Wtwhl/mxG53827XdP+njM+o7sN176jGvZzQJ7QdyiQNu4L6qD
iJUkjqOuQq4u3zIW+jJXhOj3DsB7qIS/6LonMRsS/0RMePQJazyajSZ4fPaGRu1wvlwG8yAIJ6No
MpfxRIaTaRxF02ARzILFchGrGf6JZ6B0uSXFkWItYW2S+4NZ3KjvDvgk8E8qdnMqVpmeiuNlEIXz
WTAKlIyX8VRGah6P5vFyulTzaDqJ4mg5njM9s830QbOGg88cS5pYZeJwpW9VjlpUtisflbxF1rCK
Gs6xspf86YW+adKBX5PCvo2Hs96XL/8LVb0M7g==
===END CRASH DUMP===
