PocketMine-MP Crash Dump Mon Nov 30 23:09:13 CST 2015

Error: Allowed memory size of 1073741824 bytes exhausted (tried to allocate 131072 bytes)
File: /src/pocketmine/nbt/NBT__64bit
Line: 509
Type: E_ERROR

Code:
[500] 			}
[501] 			return $this->buffer;
[502] 		}
[503] 
[504] 		return \false;
[505] 	}
[506] 
[507] 	public function writeCompressed($compression = ZLIB_ENCODING_GZIP, $level = 7){
[508] 		if(($write = $this->write()) !== \false){
[509] 			return \zlib_encode($write, $compression, $level);
[510] 		}
[511] 
[512] 		return \false;
[513] 	}
[514] 
[515] 	public function readTag(){
[516] 		switch(\ord($this->get(1))){
[517] 			case NBT::TAG_Byte:
[518] 				$tag = new Byte($this->getString());
[519] 				$tag->read($this);

Backtrace:
#0 (): pocketmine\Server->crashDump(boolean)

PocketMine-MP version: 1.6dev #51 [Protocol 38; API 1.13.0]
Git commit: 0000000000000000000000000000000000000000
uname -a: Linux (none) 4.1.5-x86_64-linode61 #7 SMP Mon Aug 24 13:46:31 EDT 2015 x86_64
PHP Version: 5.6.10
Zend version: 2.6.0
OS : Linux, linux

Loaded plugins:
SimpleAuth 1.7.1 by PocketMine Team, shoghicp for API(s) 1.12.0
KeepInventory 1.2.0 by boybook for API(s) 1.0.0
TAnimal 1.1.2 by tny for API(s) 1.13.0
DevTools 1.10.0 by PocketMine Team for API(s) 1.3.1
CustomChat 1.1.2 by Array for API(s) 1.7.1
SimpleAuthHelper 2.0.4 by aliuly for API(s) 1.12.0

----------------------REPORT THE DATA BELOW THIS LINE-----------------------

===BEGIN CRASH DUMP===
eNrNWvlv3Eay/ld6RwZWehiOhnNpNIGCVWyt13g+tJYCAxsGQpNsDhnxCpvUaBz4f9+vqpvHyEqQ
9Xs/rGPEZB/VdX5V1ZzfRnWSqdHGXSzW6/OVu5yPR6qqimq0+W1U70tMja7urj5+/PBxNB5lSmu5
pbHLNC12KhSZyopqL3TyWYkiEu70bH62cNezhfD3tdJCPcay0TVWHtdVgn/qQkjsDWSthDvH+plZ
eQLyUZIS7VNdBadlEdyrOktydZr79en7H27v7lYLP6mxLsXoaLOcnn8Zj8q02Sb5aBPJVKvxKChC
Rawvp1NQ8mr67wu2LKdu916puqly8aKOE+187zdRpKrveM3MrjE75njjh4Udths9jw8zW5Y8Zzas
2g1nPFg2fpoEImryoE6KXOyqpFYvi6ysoEYVHr8I7DNNXoh/vX3zw93V+5cfXr15//ru9b/eXI/F
i1Q9qBSTZye/MeW1ZSWJjo9fMEFMWkn49fjkRPzl4qJl0m47fyq8531OE/9O5aQwSwnHDThqDz9h
Od3pUDWuayV1Z7+vGnfeq8ZdtBuWz6qmUjK8ldtjw667slT1LqmD+NjzigrqMlJuVX3snpzYlWed
YIHUSsBNNpvby9d3P8CnNrxi3a3w6he13EJfudoJWjAgeQPvzHG+lfb8ySbne+LQrMcS+F1dyQCe
9tPoaCqOTzai91fPu1HVg6qc74NK6vhVk5XHflGkSuYno5/Ho63KVSVT8lKsIlXjMHeyCtUDzvab
JA3h3C5cuyrqIiiwcr4ej2SZ8Dp3Ppli3RaRsBlN/+QfbKjkPSxOeyZnTKHJJUX+6G2SN4/iOC9y
dSIWE3eydB7XKwSbgziDd6xccXQmbt5di3ew1GWzFYhud75ZrDZzV1y9uhWzqbsUZg/olnEJqsvJ
auLSMZ9VDnlGM7xPzexdodtjMcAvKb904axJOTdJVqbqsqljerPMDgbHB+o7m7gYkZgoKk12uWaD
vINBxK2SGSZ1XGzjJCjJCKzNn0idM7CFAZVLP1XgtK4a4EioSvBNhDCni6h+NRzIJEHOgBnYfMhY
WkiS+eb28uPtj9cY2ClfI8IwFtd1qTenp7Bf3PgTBNxpz+npgAqU8b9KlW/yB5XXwNiBEg7HD/Uw
Yy0P9OAXe3jf/YHQ02+X+eBsz3tHo53A1x9ubj99+Pj21VDkvElTCHN7mSeZcXsrRjtyKABEOBSg
zveHFpt/O/f2SM/rz/4TrL9SD7cIYD3gvRt6wvz0qfqfuuFQkjl89hsFac/3vAEn3+x2HQ0I+xLp
ushexrIeiDsY/GNrQeBKPhJM5sVDENejn4cCn327wIdkPa/nyPOC4M+7YR9h/1BpqapnscVODUVF
XE0Wh6aVadKk+/8MTYYA9gfSGtKeFzMjfyrMnjOxTNUvMg+rAuQGFZVjUfYUaVudZhL1WXX6lfRf
CI5lBd1gurUOZ7YJMhNW1Iki7D667t7EyyKPkq2gQs6rvPzopsnF++JBzM5RGm6m8818Lq5uTMag
BYaeQwa4SG6LPf6K6ythEqhwBHnnFpODtWVR1RfuuTuf0SBNZkhSF1N6y+QjZJN78Hsx5xFdyl3u
UCZVXGlc8LG7GCpDetP1RRFFNGIM5vzaqGr/ZKwKsM0OZUUddow6wmumU3lWmX+k16zD9dJrluez
M69ZKHflNWfLReA1q7mc4Tmc0f+XboQ1/nJNBGWeFyiClGXbkUGcoOrKgK/6osh5CZXaTpQm27hj
14glGcPadWYsK/x2ICoqEO40ZLfGsgqDourey4eyfQyTKEqCJq33Fy4rlysVAL2jVV2jPtIXs+/O
xqvZ43w8+46XcInoUKNw8fe3l7f9EJt0V1Rp2I9ppcILeiWVTkqpNRaEF//DfyBoUxeOlg/K8m96
C5gpS2Dx6Wzxjkaphug8ebLPUnJBQQEiAva+BixTTUlOKKAD0QOd8+4aTiluY4VasZVJyEqJOkb/
ksODayCKCMgstfCVSPIgbUL0LSD/lfMTrZsi486n/pqmlhFq6gIzlSaSwkcReS/2RVNZWiKJBGyT
RAmfALNUcFMEPgi/R5HakjsNVSRhFy12Rf7XWsiyVLISpLAMwgZwkT3YFwSQRu5drHLRlNtKhiAw
8XKKH0Ns4+Xi6DZG6DsphsBFKvNtg75OUDPAKrOxphO8U7OWJp9ZqbT1ZawCK8XhRjDQYpDKJ7vk
PilVmMhJUW1P6e30LQLuroju3tx8uFvNz53ZHe2DGjtCG+EBO7feiA76FCvSHbWMGghJfaPQXKfD
TJXMdSpr01FabTKn4ANPqmaToqZOAiVigGDKRs5A2MRFfyS3LBjXcVOHBcWQaXOJGYtEQVqgYxNH
MoTXbYS+3/8tqYs9/hLOGna5JRYEKuBQWIgVD4kU/yRUwRJGlxZ8N4JyA228ibFPkvdqdAnCnm5M
KC0h0Wg4J/IIHISlvrx+g5XIRSHpr59wwK4PZnvyVwxjLR1oQlD4C7gxPIVY9ffC+heWW9DrZnv1
HH1KYIAih6vJMETLpo1HEpvwwXuwI3VTMXYJ+KGvSB8whvq1kSmZaZugbhQPMm2UOLZHIhWcgLg5
D2CrCN8dWHm7VdUGs3Ty+ybzYQWE2aXe58Gt1PeIhOoegTWh+R/JOOS3rZC0Kq4KYCtcBav1WDAW
CQtp3N8O229SC1IpjWVNjoiiJUz7hl0J8iDoquIRiFsrqADicAjkHWukVcPOm4gil686EKFjkdR/
hebqineFilIRe+eTveIYEsDOYkYaYRkcK+WGKVEUG1DkGH6dFj4USzVEew/DWElYlSFt8r3KRNwY
VqZ8eKLJvAYBINMuYcZY2YLSjMVcO6RZL1ECdwF8Kar6iUoE7GhPNOaHMA077baAHAWFDOkM52yZ
SQPiG7F0Zx6DCON1HVNX/V8uAFVkLfuz5epr9imh/p/YRyFbMgcWxjqOLDUtEFaULVXY8kNntkxR
ZjRcXasqKThVUTxqOjBgsLbcdTHn4ijATUh+xiscxIQy0cYQX+QAMUQpNEcI8XuKNQpFNZUy+lO8
m2UeJ2OigQjso9lAEp3wgWCEsh8vn3y9mMS2VTRUWKqAkqRmtRCvRsdmbycANKlK3Ys5n1o59cmz
DFmp50bqrax8eIATFGlqikWKsme1yg5FrNg9wu5B/GYybzgdD7lA0mjojnPc4sITZ7DeYLA1ilp8
yHovm4gPJhfyGzwiLpo07BhJgCK7XPSsk+eKkjmHgKvp1Mgojv7OsfAVPrKvmN2dUFFVZC3M0l47
7wyRaWBTCGFN99QVnvGfwT4q2oO4ye+10fdb9noCRR4kzqjvIWmEqZLHHKAVihNtFjlUH1Cd09Mi
Uq2ZbaCcryyfrwqz7an5KBFQFWW2DSmYU+yy/weZORk5Aap9ZaS2vtAeRBNdBv9DUl6eq5ps0ZV1
cI3UZENf1mgnqBiRVAEjCcKfLCpxAJqi1c4aMPJVlxcZbo6G8NXOUOBX+5poj4XjDpyZ8h8f69Qt
KxY2CVX6fGvutRvK2wx31oBmLwYtTxPxD7Q9UO8F6mQ47svrH8fYCw584M8uCevY4DbHd0feYfIb
cWaLg75s0KyYwdKJuAwRT7FMo1M0AKaSCRX8zB6EI43/FfkwILsMPaA1qJWuHin4qBSS6dgENh38
KclRYUIsuI1i16Z8/+N1ft1WC309T4UQbdoB6z0q5vPSsa/Dugxtm/Kb7cYWHt8LlwoOm1mosuTp
tqrUjGOxaqtNz5oCaaSvFbU41bWsGzjM6TYwqgWuhXpwaNvRHfQUqi0kiW9IYropXmrdi8RlgwdQ
Ys0eZrc4ZgsqnfwhSVmapzMZNm1tFwJR+W6FBIEzwn0ZruTBycBU6uPqAWNQc/01nxy9bNSj9x9u
rzaC8Rh/gwYtWY6WjAnxFQkZlRm3J3fsdca/PLBjgO4DGGO1wP7FyQqckD/V5FOzqU0uBHImZ5GD
UUNM4zZRWTw4HO5qk6mNVpMkffoc0h927CKEnjllLGaYcJ+bUHUwOeFw1mrIBTvKLVGmhsxetwgF
yDLnUVFgbMytb98TE0Rwj0SVFQGFTHdyrw1tS2fgYQfIzg52mRVNPkwN2tZzLRPEPlGjhgKoTY8b
sfj9rbLCaGh4NzQO85Fwz2fP7mbvypXpPn1lqPkqIoziexjCMjJDR9XczgxA0WDijXxAOqbKL6Em
W1FzVu7thYLNUl2pwxAS8XVdC5gW4KIm5WWFhqs6FLxJYJIMN2gVdfFwDJBtVfVLQX2SiQ0tM/KV
jFGUUk8n/xNjkEJbY7yTj0I+1Qs6pIAzR+8Ph7ZgJ/0ow6TRg23WDtJyx0Fqtlq/o/WoYwit6BrM
acoQvtgziAZdSXMIX+v1+dEw3rd9Le+Tr5m3yLiTCXfw6NYbZe1r93PY87hDX7w3Yv1N1MqibFJL
zT5T0npC2Ms5Jh1oj5g2l30O+5EmTZIqM6B4TRc1dtS18EC3aBthyr7WpPQBsilRBpla0Dgkg4cp
QSwtUDmjXfZAIrqk152kg7pBHpOZn8DzzRJ7gWc6+I0BI7psoI+gwoya7GudxHivrfE7cCO/duha
6HCkSzQHo2VcJnlU9G4QF2R7PnIyuCVEicT85UW+z6gB4AjR0K/uGKWOxk6LfpoZhq9JIbdbZB97
ddBdylD1SJ+C75+XxvBD5PRz/JC+jCuziZ/uhk+Y2Y0xQJU7Nm33tSGPFuXgOukl3TTy1ZdKi5Ky
1RjvkIDu9eq2SEPNEqGGVlA28lNOFQAtsqm1IesgHgdEhP0WMqguGpSiujYJrgU8S40sZKZb+vqJ
Una73XMqSROkG2OVq0dJ+da8UCkD+paJTcsNT8HZqYfeiJ/o0UGSGXNT/TNRNCjYFijDO1oWou0k
TDvXXnhzn/bclS+3vZzFNFcMJHaGQiIBozbFD1jnU5kBfhJ0AU6hyympP20j6O58Q3fry/NHdzw3
9+vfhcjEBrWO6UtNQAhzsZ6KLfxbm7fF8oSvxNVjrXJSCH+kfIk8NPwGTz40fEdC2HY/mSkDWmxf
9K9pUqu5+ZmAY36S8Nn8bsB8WfYDVDZx/3sbmSJ2ZNUPmB8NtW9NlXYvUZLW9MENpF2XiUV12c1u
w/4x64djhDJ/aaT1v+juKzd97Wd9h+Y3DfSzBcNu5ptL4o4EysZ9Wfci1pI4DocKubl+y1ToY2YZ
oN7rN++hEv4Fg30SywnxT4cJhz5kzabL6RyPL95Qqx2s1mt/5fvBfBrOVzKay2C+iMJw4Z/5S/9s
fRapJf6IFzjpOibF8adFPrjQyWNvFtvq2wUuCfxRRbZPxSifp6Jo7YfBaulPfSWjdbSQoVpF01W0
XqzVKlzMwyhcz1Z8no6zotes5uDTh5ImRplYXBf3KkcuqrqRT0reAzWMoiYrjOwlf36hz8C04HNS
mrfZZElKLZoqUK8balgk243NNPry5d90CzyP
===END CRASH DUMP===
