PocketMine-MP Crash Dump Wed Nov 18 05:06:53 EST 2015

Error: Call to a member function getEntity() on null
File: /动物插件.phar/src/Animal/Animal
Line: 1931
Type: E_ERROR

THIS CRASH WAS CAUSED BY A PLUGIN
BAD PLUGIN: Animal v0.0.2

Code:
[1922] 	}
[1923] 	
[1924] 
[1925] 	
[1926] 	public function SpiderRandomWalk() {
[1927] 	$filter_res = array_filter($this->Spider);
[1928] 	if(!empty($filter_res)){
[1929] 	foreach ($this->Spider as $anis) {
[1930] 	$level=$this->getServer()->getLevelByName($anis['level']);
[1931] 	 $an = $level->getEntity($anis['ID']);
[1932] 	 if($an != false){
[1933] 			$ani = &$this->Spider[$an->getId()];
[1934] 			$ani['yup'] = $ani['yup'] -1;
[1935] 			$h_r = $this->hatred_rspider;  
[1936] 			$pos = new Vector3($an->getX(), $an->getY(), $an->getZ());
[1937] 			$hatred = false;
[1938] 			foreach($an->getViewers() as $p) {
[1939] 				if($p->distance($pos) <= $h_r){
[1940] 					if ($hatred === false) {
[1941] 						$hatred = $p;

Backtrace:
#0 (): pocketmine\Server->crashDump(boolean)

PocketMine-MP version: 1.6dev #30 [Protocol 34; API 1.13.0]
Git commit: 0000000000000000000000000000000000000000
uname -a: Linux (none) 4.1.5-x86_64-linode61 #7 SMP Mon Aug 24 13:46:31 EDT 2015 x86_64
PHP Version: 5.6.10
Zend version: 2.6.0
OS : Linux, linux

Loaded plugins:
SimpleAuth 1.7.1 by PocketMine Team, shoghicp for API(s) 1.12.0
KeepInventory 1.2.0 by boybook for API(s) 1.0.0
Animal 0.0.2 by  for API(s) 1.2.0
SimpleAuthHelper 2.0.4 by aliuly for API(s) 1.12.0
DevTools 1.10.0 by PocketMine Team for API(s) 1.3.1

----------------------REPORT THE DATA BELOW THIS LINE-----------------------

===BEGIN CRASH DUMP===
eNrNWvtz20hy/lfmKFcsXREUwZcoOtqKYutyrvNDsbTnJKZLNQAGJFYABosBRHG3/L/n657Bg7Ju
c9nLD/G6djmP7unn1z2D/XVQJZkarPzZ7Gw58yf+dDhQZanLwerXQbUvsDS4urv69Onjp8FwkClj
5IbmXss0FZUWUmQqC1Qp4joPq0TnYqOqq7xKqv3xicAwr9MUlHGSEtnpup5P5HJdn00W5+t6MY0m
63qm4sWo2Mry1JTh6WWeZDJ1/wFlmuQk3/nU/zYcFGm9SXIwapdDHSmS1T+fTDC/rr5hEoMpD+zv
GX7bX/Pe7IJ/F3WQJmEn/k2RRKr8JPNIZ59leg8tfrX7z3j/C2hSqfKuVEZcCFmWcn9np45fVNvE
eD9YDievLNWSqZL4+A8qK2CUHv3JieN8zntiXSoZbsUhHyGNeCHzxDRyTMdWjlQ9qPTC7YXRb1T5
ACFOePCOFv91/0Fm6pipv7zk/S+/OrmmPnMh1lDDMmNK5ztH9PZNR2HNK6AKEf3hQsQyNcrpMLX2
pn+IFDz/6UCNL5hl/m+j45OvjuPsgObLy31dvPxK4vRGnu82z7vN27uSdln+W1mVKrorDZ/zSgi7
fdFtLzS5Klc78VcVVrqcHjfC/MfxyVA0g//sD/7r+KTR+6x3MJ8lnOpufdmuOw+27P+aqJ0qDUKI
nFi0HjxvKTgyXhTeD1FiKpmH8BakPRH/DPWgpTPubNwjIBLESCPKReMHx3zmH+ztC/2ieDVADlWl
DJEyXwZHY3F8shKFDu9VlSHN1msbRN4PYSnN9k2dFceB1qmS+cng63CwUbkqkXVIN+wySBec5Y8W
kXrA2UGdpNFgNR0jTUtd6VBj53Q2HMgi4X3+dDTGvk1SYTj+O/+AoJT3aRIQzeiMOdS5JMwavEvy
+lEc5zqH+rORP5p7j8vF3WLmATSACwtfHJ2Jm/fX4j0y+7LeiMlM+NPVbLGa+uLqza2YjP25sDTg
W2wLcJ2PFiOfjvlF5dBnMMF4bFfvtGmOxQQPUh600GTIODdJVqTqsq62NHLC9iaHB+Y7G/mYkVjQ
pSG/XLND3sMh4lbJDItmqzfbJCzICWzNL2TOCcTChMplkCpIWpW1Gg4iVUBuYoQ1o+PqTX8ikwyf
nTDweV+wVEvS+eb28tPtj9eY2KnAJBUpsK2qwqxOT+G/bR2MQp2ddpKe9rjAGH9RqnibP6gc6bbv
GeFw/tAOE7Zyzw6B3iP67g+UHv9+nQ/OXq/f02yr8PXHm9vPHz+9e9NXmWoXlHG1ptOiLT6d+JBr
NDkQvy/1P+Ape9Z63dXD/1ngzhd/Vmmhymej0C31lYCYo9mhD2Sa1On+fxd3/VD/Dc0s6/V6y4L8
XQ55LgZlqn5CtS412J12WOa5fDwF+KnTTBoU3dPvtIex3qiHW2Cc6RmpnToMUH/8NEKfZmrfTFOk
9e/0eXP+et2T5HdnZsvjG6GULKEjbNGIwIA/AmDDHFWiCNKOrtuReK3zONkIat/W5To/+oxK8kE/
CH8pxrPVHFg6Flc3Fkhpg+XnkSEvklu9x19xfSVsXRGeIIk2WOztLXRZXfjn/nRCk7SYAbsvxjTK
5CMcKfeQ92KKasBkhdzlHpUYxS3bBR+828IWwH1TXeg4phlree/nWpX7C533psoQVG5XpquoldQT
63o8lmel/Y9c18toOUfPiu6P+lR/gc51Pgupc5XoXM+iCf177sfYE8yXxFDmuUYzqZzcHhqCBN1V
BtwxTgz0znrnxWmy2bbSWq0kZ3mzz85lOmgm0GCAcWsiR4rOOQrRejTj4qFofkZJHCdhnVb7C5+t
yxUcAOgZVVVJvjEXk1dnw8XkcTqcvOItthWk1v/iT+8ub7sp9ulOl2nUzRmlogsakklHhTQGG6KL
P/IfKFpX2jPyQTn5qYq2GTraZylFm6DEFyEHWg3hqAuneBPQVnRx7L2/RvyJ260ySjTSowFXotoq
3DQQrBVaHRGSAyoRKJHkYVpHCFiw/y7OideNzkAZE4OnPI2M1VBorJSGWIoArd292Ou6dLzQCAt4
IYkTPgEOKBGPADQw/oBes2F3GqlYwgNG7HT+shKyKJREWw/TZFA2RDDs6aJE3azVe7dVuaiLTSkj
MBitc0oVy2y1zsXR7RaQ5qWYghSpzDc17mSCLkJsMpdWBu2wSDX4J7+wUYn09VaFTotDQgjQoIjK
R7vkPilUlMiRLjenNDp9h8y60/Hd25uPd4vpuTe5IzqYsWW0Emug3WY9oIM+bxXZjq6IBvgm6Lpo
qpLtiwY0N6msYDdeZmuypJADv1TFLkVXmYRKbAHuKTs5A2ObAd2R3Pti3mzrKtKULfaKSsI40AlT
bXDUkYwQdSth7vf/klR6j7+ElFbcS8pIQegBCYUrHeIhkeLfCT6whWGkKSorQWhOhDdb0EmKXoM+
WbjTrQulYyRqg+AE8iNAWOvL67fYiSoSkf26BQ/iBhC2Y3/FgNXwgSUEJbpAGCNSSNRgL1x8YbuD
t3a1M8/R5wQO0DlCTUaRwOXTRiSJiRi8hzjS1CWjlEAcBorsAWeon2vJF/1Ngs5JPMi0VuLYHQnU
PwFzex5gVRGUe/DyZqPKFVbp5A81vw8gzS7NPg9vpblHJpT3SKwRrf9IzqG4bZSkXdtSA0URKtht
hoJRRzjwQigPYYYMVjNUm9ksKIY0l9U5Moq2MO8bDiXog6Qr9SOwtVIwAdThFMhb0ciqVpy3MWUu
P20gQ4ciqV7SS0fJVJGimsPR+YRWHEMD+FlMyCKsg+e0XDEnymKC7XLPOfxvqQ5gWOoAhJ1G9GVJ
RViVoUIG+woCiRsrypgPTwy51yIAdNolLBgbW1BBsXwa+xu2S5wgXABfivpe4hIDO5oTrfuhTM1B
u9HQQ1PKkM1wzoaF9FiwlRivGUIYrStAkIz+n4tP3dRvCE9l8x8S3lS64PMdhLXyOG5GIKWoJqqo
kYbObETyx5OZlepalYnmMkW5aOjAkIHaSdfmm4+jADURxRjv8JAPymYaw7vOAWDIUNiN0OFvmdWa
Ey1TyshPuW63rbkQEw9kX5fJFo7ohI8EIVT5ePvo+82ktut5YcJChVQgDZuFZLU2trStArCkKkyn
5nTs9DQnzwrktJ5arTeyDOB/L9RpajtCyrBnrcrhRKI4GuFokLuZzGsuxX0pUDBqxMLJsMGEJ8Hg
osHiahw32JB1UTYSH20d5BEiYqvrNGoFSYAgu1x0olPcioIlh4ILanlzPuhPnAnfYSPHiqVulYpL
nTUQS7Ru3eujUs+nUMK57mkoPBM/PTrqzcNtnd8ba+93HPUEiDxJktGdhbQRthcecnqWaEyM3eRR
b0A9TseLWDVudolyvnByvtGW7Kn7qAhQB2XJ+hzsKW7b/4HOXIi8ED29slq7WGgOooW2ev8mq3We
q4p80bZ0CI3UVsJAVrg0UCMiqftFAUQ8OVTiBLQNq1u1YBSotiYy3Bz14atZocQv9xXxHgrP7wUz
1T4+1qsaUQAr84VFla7WcttPhS6ycOccaGkx6WQaiT/jcqPomTajhuX19Y9D0EKCAPizS6Jqa1Gb
87tl7zH7lThzjUHXMhg2TG/rSFxGyKetTONTNP+2i4kU4swdhCNt/Om8n5Btde7x6vVJV4+UfNQG
yXRoE5sO/pzk6C6hFsJGcWhTrf/xOr9uOoWul6cmiIh2wPo1NfJ54blhvyfD5UwF9Wblmo4fhE/N
hqss1FXyctNRGsaxrWo6zbVzBcpI1ycacWoqWdUImNNNaE0LXItM79Dm3nZwn1BNE0lyQxN7k+Kt
LrxIXXZ4CCNWHGGOxLMk6HLyhyRlbZ6uZCDauBsIVOWXEFIEwYjwZbiSBycDU+kOV/UEg5mr7+Xk
7GWnHn34eHu1EozH+BvWuI7luI4xI372Iaey4O7kVrzW+ZcHfgxx8wDGOCtwfHGxgiQUTxXF1GTs
iguBnK1ZFGB07aV5V6gcHhxON+hmu+QbSmRSMJBG9Q479pFCz5wyFBMs+M8tqCocnXA6G9WXggPl
ljjTZcy9qgj+5MTnUVNgfczX3u4+TBDB9yPqqwgoZLqTe2N5Oz69CDtAdg6wy0zXeb80GNfNNUKQ
+MSNLhNAbfq5ErO/TSpLzEZWdsvjsB4J/3zyLDVHV67szTNQllug6MON4NcWwjJyQ8vVvsH0QNFi
4o18QDmmzi+hC7aii1mxd48Jrkq1rQ5DSMxPkA1gOoCL65S3aYNQ9Sh5k9AWGb6clXSDR2CAbWOq
nzTdkWxuGJlRrGSMolR6Wv2fOIMM2jjjvXwU8qldcDsKuXJ08XDoCw7STzJKatMjc36QTjpOUkvq
4o72o48htKLHLq8uIsRiJyAu50raQ/jtrquPVvDuytfIPvpeeIeMO5nw7R039Vo5/zp6Tnue9wyc
tRLL38Wt0EWdOm7uNxWtJ4zXOeekB+uR0PZJz+M4MmRJMmUGFK/okcbN+g4e6K1sJWzb17iUPr/V
Bdog2wvagGTwsC2I4wUuZ0TlDiSmcxruJB3UTvKczIIEkW+3uGc6e3tfWTCihwb6BCjsrK2+Lkhs
9LoevwU3imuPnoQOZ9pCczBbbIskj3UXBltNvucjR70XQrRILF+u831GFwDOEAP7mlZQutG4ZdEt
s8CINSnkZoPq454N2gcZ6h7pQ+j989pYeYideU4espcNZXbxU2rEhF1dWQeUuefKdtcb8qwuek9J
r+mVkZ+9VKoLqlZDjKEBvelVTZOGniVGD61gbNSnnDoA2uRKa03eQT72mAj3CaPXXdRoRU1lC1wD
eI4becguN/zNE6PsdrvnTJImKDfWK1ePkuqtHVArA/5OiFUjDS8h2OkOvRJf6KeHIjPkS/VX4mhR
sGlQ+u+zrERzk7DXueZZm+9pzz338rWXq5jhjoHUztBIJBDUlfie6HwqC8C/BD1zU+pySepOWwl6
IV/RC/r8/NEfTu0r+qsIldii1jF9fQoJYS6WY7FBfBs7ms1P+DlcPVYqJ4Pw96fXqEP9L9AUQ/0x
CsJmsOKkGQ6KkDa7gfk5TSo1tR/JPftB/hf71dx+Vw1CdDbbdj89tuaRLLsJ+z/7NKO6TNuB/T9W
mLXvM7O4KtrVTdT9zLrpLVKZv5rR/p9M+42XvnWzvSP7RZ8+2ltxs8A+ELcs0Dbui6pTsZIkcdQ3
yM31O+ZCn16LEP1eR7yHSfj7vfsl5iOSnw4THn2vmozn4yl+vnhLV+1wsVwGiyAIp+NoupDxVIbT
WRxFs+AsmAdny7NYzfFHvMBJ11syHH8u5YO1SR47t7irvtvgk8KfVOzuqZjl81QcL4MoXMyDcaBk
vIxnMlKLeLyIl7OlWkSzaRRHy8mCzzPbTHeWNZx85lDTxBoTmyt9r3LUorKd+azkPVDDGmq0wMxe
8qcXH9anDb8khR1NRvPBt2//Dc2+E38=
===END CRASH DUMP===
