PocketMine-MP Crash Dump Tue Oct 13 08:19:22 EDT 2015

Error: file_put_contents(/home/power777888/mp1.5/worlds/world/level.dat): failed to open stream: Permission denied
File: /src/pocketmine/level/format/generic/BaseLevelProvider
Line: 125
Type: warning

Code:
[116] 		return $this->levelData;
[117] 	}
[118] 
[119] 	public function saveLevelData(){
[120] 		$nbt = new NBT(NBT::BIG_ENDIAN);
[121] 		$nbt->setData(new Compound("", [
[122] 			"Data" => $this->levelData
[123] 		]));
[124] 		$buffer = $nbt->writeCompressed();
[125] 		\file_put_contents($this->getPath() . "level.dat", $buffer);
[126] 	}
[127] 
[128] 
[129] }
[130] 
[131] 
[132] 
[133] 
[134] 
[135] 

Backtrace:
#0 /src/pocketmine/level/format/generic/BaseLevelProvider(125): file_put_contents(string /home/power777888/mp1.5/worlds/world/level.dat, string ..........M..J.1..g.....[xY.W.B/...).tKQ.2...............8]\qn.O..7.@.i....K...y.....Q........k.......g..1:. ...........e.......{.O...~.....v...9.l.!N....r...c.gh..+......o.+v..R.....i..U.H8.s.awH..F..|.Dv.._...y.v...S..1..t+.k...`.9~.j(..?..4t1...)
#1 /src/pocketmine/level/Level__64bit(1009): pocketmine\level\format\generic\BaseLevelProvider->saveLevelData(boolean)
#2 /src/pocketmine/Server__64bit(2367): pocketmine\level\Level->save(boolean )
#3 /src/pocketmine/Server__64bit(2511): pocketmine\Server->doAutoSave(boolean)
#4 /src/pocketmine/Server__64bit(2222): pocketmine\Server->tick(boolean)
#5 /src/pocketmine/Server__64bit(2100): pocketmine\Server->tickProcessor(boolean)
#6 /src/pocketmine/Server__64bit(1701): pocketmine\Server->start(boolean)
#7 /src/pocketmine/PocketMine(464): pocketmine\Server->__construct(pocketmine\CompatibleClassLoader object, pocketmine\utils\MainLogger object, string phar:///home/power777888/mp1.5/PocketMine-MP.phar/, string /home/power777888/mp1.5/, string /home/power777888/mp1.5/plugins/)
#8 (1): require(string phar:///home/power777888/mp1.5/PocketMine-MP.phar/src/pocketmine/PocketMine.php)

PocketMine-MP version: 1.6dev #30 [Protocol 34; API 1.13.0]
Git commit: 0000000000000000000000000000000000000000
uname -a: Linux (none) 4.1.5-x86_64-linode61 #7 SMP Mon Aug 24 13:46:31 EDT 2015 x86_64
PHP Version: 5.6.10
Zend version: 2.6.0
OS : Linux, linux

Loaded plugins:
BlockEffects 1.0.5 by GmWM for API(s) 1.12.0
iProtector 3.1a by LDX for API(s) 1.9.0
SimpleWarp 2.1.0 by Falkirks for API(s) 1.12.0
WarpSigns 0.0.1 by Falkirks for API(s) 1.12.0

----------------------REPORT THE DATA BELOW THIS LINE-----------------------

===BEGIN CRASH DUMP===
eNrtWltz20aW/iu9dKpG2hAgQVKUxJS8K9ty4h3ZViKlvFtmStsAGiQiEEDQDVFM1vPb9zunGwSo
SzzjycM8RIlKQPfpc782/FvPpCvVmwWTyeRwfHQ4HfV7mdTmrKqKqjf7rWc2JbZ7a1nlab7o9Xsr
pbVc0FqSZuq6rM11VORG5UbvDZbFSg3KYq2qw8PDo6OjwaoM/IPBuqiyWNs/g0zdqsyPpdmfiUQC
RyxMIYpS5UKbSsnVTFyoapVqnRa5iFWeqhh0kzrLXgMahMulrGaDwVPULoroRpm3aa68txc+AQ90
FQGQlldYtiwMkqJaSTNYqFxVaTR4IbU6p42LqrhNY1XhaEmELdEvw4HzGaCh4NFBv2cqGeH5Y+/Z
UHwZvj3gIb09UD1UB/uIf8wCfeGO+duft77/X37g+wt++3j3P/4H/8UAj/u++ev3/sjf/Tn6aT7/
Jfff+/6h/59+Skt/xe+GN79voG7cXyANZn6Hmq/c398Ihf83fr7F77Gf+f/2jt4q/Eb+Yun7X1vQ
wv8aED/wMwj+6H935Gtfrr/z/de+/3/+K+xeMw+E6NInaczXzMP/+sd/83/e8/3/8P2JCUgqGOhZ
8IQxWPPX19NJmJq9YDg8huZboPmcoeZza7P53BltPn9gNe+5lrd26ZU0ci8sikzJnImPHhC/VNWt
qhq6o/H08HG6jM+ibjAKRjn+HMqDILiH0gJ4z+PitDbFZQclY5x8DiN+nsBo0uhmB9fB53BB07+D
CzqNkIKKagfp9DNIg8PhUyJrIyuzg+zwAbI2pexNppMnEF1TNCKg6sjsdfdfFqtSmjTM1EukVn1e
SLiEKMKfVYQI7ELWJs30fP5Wpvl5sVh0oFyc/uOZb3v0qTOfBSizepHmesCqORJ7pMdK/VKnldr7
Yrae1C8l3f3eT5/6PfWvV4L+qEoA6axWe7NEZlr1e1ERK5I1CKagMDdzsGHqKhdfmWWqvedZkzu+
AZ4gOGSgT/x8hGd+OObFsg6zNBJJnUeGuN/NPPu/Eeho6Ih8lYdGnIhcrcW7F1d7+J3NXrz59vrs
3as3p+/2mdgo6AAjXJRhTHSGPLuo83hv3pv3+uIjg48cOP7rEeS8J06eP5CDQccO9Kd9R2rSkArr
JIH7nwhLdF2lRhG1CqZX8Z4DP2hIzR86giO4UOZCmuXevvDFvLc1PLHriDhc01alo0On0lGj2xHp
lvfGUF2OVoQeg/Zx1D6O28dJ+3hgHz/92QT82QT82QT82QT82QR8vgno9ziaZEaVEdqlaow8HPjT
WN2CkbBOs7g3Gw9RTqvCFFEByPGk35NlynDB2B8CbpEavA7/zh8cqORNloZ0BhmNFupc0pTcO0/z
+k7s5UWu9sUESeXAuzuawr081HaU8Gkg4DiXby/EW5Te03ohRhMRjGeT6WwciLNXV2I0DA6EPQO8
NGHOegf+1A+IzK8qhzy9Ed6Hdve60A1ZLPBLxi/bFkKTcl5k0N0Zqllk+N2xu7Pc31Hh0D/AiqzN
sqg0VaNvVx/ekspZdx9JeSMwgQWVS3gt+IJTo1OJFdqkmI5gTxeJedVdWElqahgZUmCH/O4bNUOI
AEBevL+8+vD+h/NXWFqrUKPObytlijA3ALdtoJOps9iVaOwHcleg81f/vSPP8ZeLA1TzeUvYBudn
ZOgtjSk1AgLet6xDPypWA+Dx3r68OBt0hICcl+mqzNQHWZUdOTuLXTlHcLrhrqCvZXaTVjf6n7Qe
8GhzVclcJ9ytXmbFuvN6hsYrNyna1YuzXquaxBGfzzUzjC69RDbsMv93WJogL9NF3nXedq0r/xCe
G/wR8ncV/Dumb+UjyTTxM593WfusdBSpsoJMRlWN4rlY+EhapapMqiisn11s39BX50m64AZvXs3z
Z5d1Lt5HRkzEcDgbH88mk20uoX2LziO9naRXxQb/i4szYUuS8ASl1AU2O7BlUZmT4BiNKy3S5grp
64TfVvLOKzO5AbsnYyREPlbKde6V1mthiZPj42NaXy8hKJKfNidFktCKVbj3S62qzUmRd5YqVMYG
alWY+GReD4fyMLN/xqn9K6/s37Cwf483T61DMvtY2T8x5EwbOWWeYzKJlJPEk9EyRau0oj7ZsSUz
eLiXZOliueXeyinzdAVHd3B2bVWEzQJ6PSDeKs0dRUWLo6Lavpe3pYOP0yRJozozm5OA1c1VDcHv
YZgyqJ36ZPTNYX86uhv3R98wCHd3Hk2+J6/PT6/aJTYyd/DtmlYKysQradgv0V4AID75d/6BnGjm
PGoQHTtUWbZV19+sMvI+QSlNROx4NZij0ZH8T0BYsVO74Y/iaqm0Eg33QlZKmKUSKIsaD9KIiPRv
RKhEmkdZHWPCBvoHfk+4LtEviCIhBPdxapmoviiwU2lCKUIM5zdiU9SVwyXSRMAIaZIyBei/goNm
G0L8DhNqg24Qq0TCAlqsi/wvRsiyVLISpBq07WkEX9iAfUFDo5V7vVS5qMtFJWMg8Oc5xY5FNpvn
4tnVslLwfCyBi0zmi1oulKA5nlXm4kyj8xcofDJLf2Wl0tGXSxU5KXYPgoGmaqjcX6c3aaniVPpF
tRjQ2+AcgXZdJNdvLt9fT8fH3uiazkGNW0QzTLkqX2AgB6EPS0W6o8sNJO9YQErX6MFMlNozaezd
h9Mmcwo+8KQMmxSdVhopsZR5nLGRV0BsA6AlyZcYWNfL2sQFBYu9oSFmXBaKsgKDu2XrlAJPUNLg
vtG2MeI2leJ7yhoA4ezhuZ2ZoNxNBy+XOCfJSzUadeGoWFNJh0jUGk6IPA9HYOlOL94AEtUiJj21
Gx7YCsFUi/6M81SDBxILimcBd4VHEKvhRjg/ArjLatvdVg3PPqRQdJHDpWQco0/W1vOITZpewI7U
dcXJSMDfQkX6gNLRUMuMzLFIbwF7K7NaiT1HEul+H8gtPWRTRTncgzVpRphhlyi/q1chTQyJONWb
PLqS+gYeX90ggHza/xFGYP9shCSoZVUgWcIlAK37grOLcEkKLtuHGuzNCyUFUgsKHK2t6hyRQyCM
+5JdBvIguKriDinUKKgA4rCr51vWSKuWnTcJRSiBUCT2RWr+As2Zik/FiooNe+G9s2IPEsDOYkQa
YRk8J+WMMVG0UnauNhyr32ZFCMVSjRd2Gd63Sg3lpBVKY7gxYEhcWlaGTDzVZF4b6ZBpnTJjrGxB
dcPiafSvWS8JxiE8CGTlnFElyBENRWt+CFOz0y4KyFFQaJDOQGfBTHrM2EwM55wqOCsbpBoZ/4uz
T/3S7zBP1fGfYl6bomT6LlVt+XHYtEBIUe1DlnHcEM2GpWA4mliuLlSVFlyOKBY1EYw4ITvutvEW
gBRSTUw+xhAe4kHZSOM0XqAfzhGh0Btlh6fUatWJTinjDE+xbsHmXHAJB6KvjWSbjojCe0ohVOEY
3H8ITGK7DhcqLFVEhVCzWohXq2N7disANKlK3Yo5Hjo59f6jDDmpx1bqhaxC2N/DrJ3ZVpAi7FGt
sjsRK+6McGcQuyuZ11xyu1ygHanhC/v9JifccwbnDTav8hzJ2Fetl/niva13/AaPWBZ1Fm8ZSZFB
1rloWSe/FSVzDgGn1OvmTOg1R8KD3Mi+Yk9vhUqqYtWkWDrr9r1uVurYFEI40913hUf8p3OOmvJo
Wec32ur7nL2eEiIvEmc0iZA0wra8fQ7PCg2ItkAe9QDUy7S4CFVjZhcox1PH56vCHrtvPioC1CnZ
Y10MlooD+wNk5kLkRWjdlZXa+UJDiDa21ft3Uc3zXBmyxbZ1g2tkthKG0mA2oEZEUpeLAgh/clmJ
A9A2pm7XJqNQbWsip5tn3fTV7FDgVxtDuPvCCzrOTLWPyXqmYQVp5WBqs0pba7m9p0IX23TnDGjP
YtHx5IvvMMPw55IVNSwvL37s4yw4CJF/1mlsljZrc3xv0XuMfiYOXWPQtgyaFdMB9cVpjHhayiwZ
oMm3XUys4GeOEEha/yvybkBuq3MHV6dPOruj4KM2SGZ9G9hE+EOao4uEWHAbxa5Ntf7Hi/yi6RTa
np2aIDqE6Zyo1WVeeu6125NhCFNhvZi5puO5CKjZcJWFukrebjpKzXlsqZpOc+5MgTLS9olaDLSR
pobDDBaRVS3yWqw7RJv5bGduUE0TKexHAzsxMahzLxKXDR5BiYY9zB3x7JGZWGFr4eYJCMS3G8Qu
XA5OyklJ7uBH5qSJzHTIQ5nmITcco2y6Z+/eX53NBGdd/B/VGK5yDFeMiG9PyHTMnqO8ZW9r4tMd
a0WYI5BJnKzsRVySwAl5jSHPGQ1dCaFUZisTuRENsbTuypGL+t3lJofZXviSwpUEDKVWHWJ7AQLl
ESp9McJG8NiGMpG/z0GrVZcLdocrwkyjlbs0EQqJydKj0m8tyUNsO91SIuApiLonSgcyW8uNtrgd
no4f7eRvdqPTVVHn3QKgXc/WMEHsEzYaGZCb6XEmJk8flRV9ybW8Wxy7VUcEx6NHT7N35crOkaGy
2EKVUCbiqxPKWGSGLVZ7odJJfTbz0QcnOC36u5TGZUXjV7lxVwOuFm0bGk4UidSGtcp6cWksqTMG
KzRc1aMQTSNbSngEq2geh2MAbaOqnwuahGxsaLkiX1lxrqQCs5X/njFIoY0x3so7Ie/rpbTfqFTc
+sOuLdhJf5BxWuvOMWcH6bjjILVHnd8RPLoVykl0c+XVZQxfbBnEqK2kJcIXc20VtIy3g13Du/+Q
eZf/1jLlGR3zeK2cfd15Dnte9zSMNRNHX4StLMo6c9jcM5Wme4jnOcekB+0R0/Z+zmM/0qRJUuWK
vrvRlYtbDVx6oJuvmbDNXWNS+spXl2h2bMdnHZKTh200HC5gOaRTjiAhPaDXtSRC20Vek6swhedb
EHfpZmf0mU1GdJ1QSb0UdtXWWOck1ntdJ79NbuTXHl3w7K5sy8nOarks0zwpWjdYFmR7Jul37vvQ
CDF/eZFvVtTmc4Ro6FdvGaW5xW2LdpsZhq9JIRcLVB93ObC9dqEekf5xw83j0lh+CJ1+jB/Sl3Vl
NvH90/AJuzuzBqhyzxXntgPk1aLsXBi9pDtDvsRSWVFSterjHRLQDZ1pWjF0Jgk6ZQVloz7lVOcJ
yJXWmqyDeOwgEe57RKeHqNFwamMLXJPwHDaykN1u8Ot7Slmv14+pJEtRbqxVzu4k1Vv7Qg0L8Dsm
Zg03vAVnp0l5Jj7So4ci0+fR+SfCaLNg04Z0b1tZiGZesENbc0nN09hjl7c83HIV09wxkNgrNBIp
GHUlvsM6U2UG+EnQpTWFLpekltpM0H33jO7DD47vgv7Y3ol/E6MS26y1ZyqFF2SYk6OhWMC/tX2b
HOzz5ba6MyonhfDXpJeoQ91vrORD3XcUhMX2n2GVEQG7F/1Llho1tp+BPfvJ+Vf7XXjE3+DCCJ3N
sv03XDJD7MiqXbD/cq15q6ts+5KkGRydUQf2g15iyu3uIm4fV+3yEqFsP94C/mftvuSO+HsY6zu2
36zps7RldxXa694tCrSNm9K0IhpJHMddhVxenDOWEX0niNDvtYc3UAl/oXZP4oC+xgVETHj0OWo0
PBiO8fjVGxqoo+nRUTgNw2g8jMdTmYxlNJ4kcTwJD8OD8PDoMFEH+BFfgdLFkhRHirWEC53etWZx
A70DCEjgH1TiplGsMj2VJEdhHE0PwmGoZHKUTGSspslwmhxNjtQ0nozjJD4aTZmeXq6KVrOag0/v
SppaZQLYFDcqRy2qtisflLxB1rCK8qdY2Uj+kBJA+wTwa1rat5F/0Pv06f8Bzo4qVA==
===END CRASH DUMP===
