PocketMine-MP Crash Dump Tue Nov 10 00:37:02 EST 2015

Error: fopen(/home/power777888/mp1.5/worlds/world/region/r.0.0.mcr): failed to open stream: Permission denied
File: /src/pocketmine/level/format/mcregion/RegionLoader__64bit
Line: 59
Type: warning

Code:
[50] 	public function __construct(LevelProvider $level, $regionX, $regionZ){
[51] 		$this->x = $regionX;
[52] 		$this->z = $regionZ;
[53] 		$this->levelProvider = $level;
[54] 		$this->filePath = $this->levelProvider->getPath() . "region/r.$regionX.$regionZ.mcr";
[55] 		$exists = \file_exists($this->filePath);
[56] 		if(!$exists){
[57] 			\touch($this->filePath);
[58] 		}
[59] 		$this->filePointer = \fopen($this->filePath, "r+b");
[60] 		\stream_set_read_buffer($this->filePointer, 1024 * 16); //16KB
[61] 		\stream_set_write_buffer($this->filePointer, 1024 * 16); //16KB
[62] 		if(!$exists){
[63] 			$this->createBlank();
[64] 		}else{
[65] 			$this->loadLocationTable();
[66] 		}
[67] 
[68] 		$this->lastUsed = \time();
[69] 	}

Backtrace:
#0 /src/pocketmine/level/format/mcregion/RegionLoader__64bit(59): fopen(string /home/power777888/mp1.5/worlds/world/region/r.0.0.mcr, string r+b)
#1 /src/pocketmine/level/format/mcregion/McRegion__64bit(315): pocketmine\level\format\mcregion\RegionLoader->__construct(pocketmine\level\format\mcregion\McRegion object, integer 0, integer 0)
#2 /src/pocketmine/level/format/mcregion/McRegion__64bit(203): pocketmine\level\format\mcregion\McRegion->loadRegion(integer 0, integer 0)
#3 /src/pocketmine/level/format/mcregion/McRegion__64bit(265): pocketmine\level\format\mcregion\McRegion->loadChunk(integer 8, integer 8, boolean 1)
#4 /src/pocketmine/level/Level__64bit(2513): pocketmine\level\format\mcregion\McRegion->getChunk(integer 8, integer 8, boolean 1)
#5 /src/pocketmine/level/Level__64bit(2183): pocketmine\level\Level->loadChunk(integer 8, integer 8, boolean 1)
#6 /src/pocketmine/level/Level__64bit(2796): pocketmine\level\Level->getChunk(integer 8, integer 8, boolean 1)
#7 /src/pocketmine/Server__64bit(1176): pocketmine\level\Level->populateChunk(integer 8, integer 8, boolean 1)
#8 /src/pocketmine/Server__64bit(1679): pocketmine\Server->generateLevel(string world, integer 1447133822)
#9 /src/pocketmine/PocketMine(464): pocketmine\Server->__construct(pocketmine\CompatibleClassLoader object, pocketmine\utils\MainLogger object, string phar:///home/power777888/mp1.5/PocketMine-MP.phar/, string /home/power777888/mp1.5/, string /home/power777888/mp1.5/plugins/)
#10 (1): require(string phar:///home/power777888/mp1.5/PocketMine-MP.phar/src/pocketmine/PocketMine.php)

PocketMine-MP version: 1.6dev #30 [Protocol 34; API 1.13.0]
Git commit: 0000000000000000000000000000000000000000
uname -a: Linux (none) 4.1.5-x86_64-linode61 #7 SMP Mon Aug 24 13:46:31 EDT 2015 x86_64
PHP Version: 5.6.10
Zend version: 2.6.0
OS : Linux, linux

Loaded plugins:
BlockEffects 1.0.5 by GmWM for API(s) 1.12.0
iProtector 3.1a by LDX for API(s) 1.9.0
SimpleWarp 2.1.0 by Falkirks for API(s) 1.12.0
WarpSigns 0.0.1 by Falkirks for API(s) 1.12.0

----------------------REPORT THE DATA BELOW THIS LINE-----------------------

===BEGIN CRASH DUMP===
eNrtWvtv20a2/lfmKgHW3hUlUbJkW4ULpIm7t7hO41u7yKLVwhiSQ4k1X+UMLStF/vf7nTPDhxw7
TdNeYH9IUlTkPM5rzuM7w/w2MEmmBkv/6OjYn81OptPhIJXanFdVUQ2Wvw3MrsT0YCurPMnXg+Eg
U1rLNY3FRanyg/GmyNS4LLaqOj4+Pjk5GWelP5qPt0WVRtr+jCu1Top8XI0m+JuF1eFSxDJJVSRM
IYiM0KZSMluKS1VlidZYLSKVJyoCy7hO02+xGjzLjayW4/FTTC+L8FaZ10muvNeXI1o81lWIhTSc
YXicqjuVjuOiyqQZQxIr2A/8c1HISFU3N4ujIDHYXRJvy/ezyYBEig2D5fx0ODCVDPH48+DZRHw2
xYP5KZmPjQ+r4VTEZ53BULjd1T+CQ4j5zP9EmV6HVqpGnpk/h0DdttWK961WduNq1excrfrqeF/f
3IRFDiHq0Bx80vaGsyiCX1RohiLJjVqrSkx6j6zL9DN1mU5mn6pLs9X7OoU+9vngSYFmnyvQYv55
Ar3c1PltK89JJw8eg6JIlcyFz6IdPSHaBf2/lWPuf4Zl1sp8uhzzT5LDP3lCDl72R3VffBLP49PF
R3n+ITWPP2B5paq7Lrx9//jj3MqirFNp1KezPPk9lovj0wcs7QJSLVcVmDHvJt9wQun4dcWDuZ1+
wK1LywdHi6MnOD2VDV4WWSlNEqTqJSqTtsmjzQD9lbVJUg33kwlSzHrdW+Xk/uPVo9361J7fXVCm
9TrJ9dim2Ik48KF/pX6tk0odfLZcTxqYytbh4N/vhwP1H1XC/7oyCtWsTQfLWKZaDQdhESlSdD4B
i5Up6yBNQhHXeWhIiL5jsRtfVsVdQk70nPkPxXPL+F/t00+Hv4Hj3Gd6K/PcbBLtfX0vztqlX9H8
dH/+XTf/E8/P9ufTPeZnjj2vPNpfSea6lGZDix7ZyxmH5g8OxUisBu3ZNNI1Dz/RSa0GzGLesFD3
iTYapJG7wefGvh88YH3ImxZuUxIf/JfbaE1z7Cbwd2WKOtw8vv/ELXtPL6ePKFlQEqmsMOyMD8gM
Sb1/BKsB01tMGrYr6203WpkbPEQ3QR3Hqjr4kPZQ+JPpkfi78BeHX4nx2F/8zzdEyn+M1LZKjPrj
tKZPmGkxa83kiMHHkU2/SSVSt1WpOfr3Cs7Mm+YPN1FNuyhCSe58LZEJ3dZFz7oLOhH6PXngdEDz
P2qEKZmYwL7baw/j/eD9F1j6BZZ+gaVfYOkXWPoFlv5/w9LhwB5cSnAN5iWQiDrkjxaRuoMkQZ2k
0WA5mwDjVYUpwgIrZ0fDgSwTXufPRhOsWwMRLgeTT/yDDZW8TZOA9oyOmUKdS7r3GlwkeX0vDvIi
V4fiaAS9vPuTBRzQA94Erlz4AqFx9fpSvEaCf1GvBeq/P1seLZYzX5y/uhbTiT8Xdg/o0q3RcjAf
LUY+sXmncugzmOJ9YmdvCt2wxQC/pPzS4lpNxvkmhe3OAUNCw+9O3L3h4Z4JJ6M5RmRtNkWlqZr/
M3v7mkzOtvuZjDeFEBhQOWGIqMXPkULRjmgPJnURm1f9gUwS1GZqq1Wf//4bIXTEAFZevrm6fvvm
h4tXGNqqQANRDZZ5nabQMAGENVhuOxOnVG+wr9Js5Mt9jS5e/WtPodM/oQ9orVYdZxufv6PEYGNM
qRES8L9NHYzCIhuDjvf65eX5uKcFFL1KsjJVb2VV9hTtDfYVncLtJvuafivT26S61X/2/EBIm+tK
5hqAFiyu0mLbez3XWuUmAZnL80Fnm9hxBzRmidE6lsiIfek/4axp5VWyzvv+2431DUDQz/9LDNA3
8UcOv1OQVNMk0GrVl+131aNolRWUQlfQWJ4rxgiJq1SVSRSF9rPL9k28LPI4WQtqJ1bVKn92XSvx
fXGHlkJMJshyS2SW8yubUGiBpeeR5c6S62KH/8TlubCFSXiC8uoak721ZVGZM//Un01pkCYz5LAz
fsvkvVemcgd5z2bIirytlNvcK63j4izOTk9PaXy7gabIgNqcFXFMI9bk3q+1qnZnQFPdUIX62KzK
ChOdrerJRB6n9meW2F95bX+Dwv6e7p4ah2b2sbI/EfRMGj1lnhfo65XTxJPhJgEEyODF2oklU/i4
F6fJetNKb/WUeZLBYdw6O5YVQTMAxAjCrdHcVpS1KCyq9r28K936KInjJKxTszvz2dwWkxSVh07S
oIDqs+lXx8PF9H42nH7FSxgxeXQhc/btxYvrbogPmfFLN6aVgjHxShYelQAZWBCd/Z3/QM/aFJ6W
d8qJQ+WlLb2jXZaS+wnKaiJkz6srbiDZAdGoVWKvgMMhxfVGaSUa6YWslDAbJVAbNR6kESHZ34hA
AWSFaR2hrQT5DxyfaF0BNIgiJgIPaWoZq6EoMFNpIikCNMW3YlfUlaMlkljgEJI4YQ6wfwUHTXdE
+Hu1bcmNIxVLnIAG9sv/ZoQsSyUrQaYB+E9C+MIO4gtqha3e243KRV2uKxmBwGiVU+xYYstVLp5d
byoFz8cQpECXvq7lWgm6YWKTuTjTCd5R/GSavGOj0taXGxU6LfY3QoCmcKh8tE1uk1JFiRwV1XpM
b+MLBNpNEd98d/XmZjE79aY3tA9mbAktxQpZb70aEKO3G0W2o4s3pO9IQEsH93BMlNwJhkd2mq3J
kkIOPCnDRwq4lYRKbGQepXzIGQjbAOhYcnbFuN7UJiooWOzFIQnjslCYFlpFVqwXFHiCkgaDR4tl
xF0ixf9S1sASzh6em1lC1prIP7vaYJ8kL9VoD4TjYo9KOkKi1nBCJHo4Amv34vI7rES9iMhO3YQH
sQII1ZE/5zzV0IHGguJZwF3hESRqsBPOj7DcZbV2tjPDs7cJDF3kcCkZRQDL2noeiQlfu4U4UtcV
JyMBfwsU2QNGB6qWKR3HOrnD2juZIvMfOJZI94cgbvkhmyrK4R5OkzqFJWaJ8/d1FlDfEIsXepeH
11LfUrdziwAa0Txf8JB/NkrSqk1VIFnCJbBaD213JFySgssOYYYMVrM3tWQWVDgay+o8sXdNTPuK
XQb6ILiq4h4p1CiYAOqwq+etaGRVK853MUUoLaFIREdm/gbLmYp3RYqKDXvhg73iABrgnMWULMI6
eE7LJVOiaKXsXO04Vv+ZFgEMS0Ve2GF4X5YYykkZSmOwMxBIXFlRJsw80XS8NtKh0zZhwdjYguqG
pdPYX7NdYvREeBDIyjmTipEjGo72+KFMzU67LqBHQaFBNgOfNQvpsWBLMVlxquCsbDZ0cfkfLj4B
po8IT9XxTwmvTVEyf5eqWnkcNS0QUlT7kGWcNMSzEYmuY61Ul6pKCi5HFIuaGIackJ10bbz5YIVU
E5GP8QqPLhJspHEaL4CIc0Qo7EbZ4SmzWnMCKaWc4SnW7bIVF1yigejrItmmI+LwhlIIVThePvpw
MantMC5MWKqQCqFms5Cs1sZ2b6sALKlK3ak5mzg99eGjAjmtZ1brtawCnL+Hhju1UJAi7FGrsjuR
KG6PcHsQu5nMay65fSkAR2r4wuGwyQkPnMF5g82r3Esy9azzspF4Y+sdv8EjNkWdRq0gCTLINhed
6OS3omTJoeCCsG7OjL7lSPggN7Kv2N2tUnFVZE2Kpb1u3utnpd6ZQgl3dA9d4RH/6e0jUB7ShZm2
9r5gr6eEyIMkGbUipI2wkHfI4VkBgGi7yCMMQFimo0WkmmN2gXK6cHK+Kuy2h8fH99d5s61PwXJx
y/4CnbkQeSGgu7JaO19oGNFEW70/SmqV58rQWbTQDa6R2koYSIPegICIJJSr6V5QuKzEAWiBqZu1
yShQbU3kdPOsn76aGQr8ameI9lB4fs+ZqfYxW880oiCtzBc2q3S1luE9FbrIpjt3gHYvBp1MI/Hf
6GH441hGgOXl5Y9D7IUEAfLPNonMxmZtju+WvMfkl+LYAYMOMmg2TG/pSLyIEE8bmcZjgHyLYiIF
P3OMwNL6X5H3A7Ktzj1aPZx0fk/BRzBIpkMb2MT4bZIDRUItuI1i16Za/+NlftkghQ6zEwiiTWjP
iVtd5qXnXvuYDE2YCur10oGOr4VPYMNVFkKVPN0gSs15bKMapLlyR4Ey0uFELcbaSFPDYcbr0JoW
eS3SPaZNf7bXN6gGRAr76cF2TLzUuRepywduPwKyh7k9nt0DmJPfJSkD2v3x9jOG1ZQigABcDl+E
93K2knuMkVKpVTM9uWBl86GYHLx8ps++f3N9vhScjvFfWKPrytF1MSG+V6EzZbkd51a89uxf7B1j
iAYDKcYZgd2LaxUkIXcy5FLTiastlONsySL/ou6Wxl2dculgf7hJbhYkX1Eck4KB1KrH7MBHBD3C
ZSimmPAfm1AmHB1yNGvVl4L95JooU8/lblOEQsay/AgT2CPm7rZreylDcHtEsIryhEy3cqctbUen
52B7iZ3960VW1Hm/MmgH5hohSHyiRr0EkjY9LsXR01tlhdHIym5p7Jcj4Z9OH93N3pUr22AGylIL
VEwpiu9UKJXRMbRU7U1LLyfalHgl71CNCfgl1Ecr6svKnbszcEWqRTqcQWKpDVuV7eLyW1ynvKzQ
cFWPYjcJbY3h3qyiRh2OAbKNqX4pqEWysaFlRr6ScRKlytPq/+AwyKDNYbyW90I+tAuao5ALR+cP
+2fBTvqDjJJa97a5c5BOOg5Su9X5Ha0HjKFkRVdaXl1G8MVOQPTgSlomfGPXlUcreNfxNbKPPhTe
JcatTLh5R6NeK3e+zae2yDbwtfI0DmspTj6LWvOVkKi5Z6pZDwivco5JD9Yjoe3Fncd+pMmSZMqM
PsvRXYwb9V16oCuxpbCorzlS+uhYl0BBFgpah+TkYRGIowUqx7TLMSSic3rdSmLUDvKYzIIEnm+X
uNs427wvbTKie4ZK6o2wo7b4Oiex3usgfpvcyK89uvnZH2nrzN5ouSmTPC46N9gUdPbMctS7CARC
YvnyIt9lhP85QjTsq1tBqaFx06KbZoHha1LI9RrVx90atPcxBB7pn47cPq6NlYfI6cfkIXtZV+Yj
frgbPmFnl/YAqtxzVbuDhjxalL2bpJd0mci3WyotSqpWQ7xDA7q6Mw1GA2SJAaEVjI36lBMAoEWu
tNZ0OojHHhHhPlX0wEUNJKqNLXBNwnPU6ITsdENfPzDKdrt9zCRpgnJjT+X8XlK9tS+EZEDfCbFs
pOEpODu10EvxMz16KDJD7qn/TRRtFmzwSf8alpVoGgnbzTW319ymPXary10vVzHNiIHUzgAkEgjq
SnxPdObKAvCToNtsCl0uSR23paCL8CVdlM9P7/3hzF6WfxWhEtusdWAqhRdkmLOTiVjDv7V9O5of
8q23ujcqJ4Pwh6aXqEP9L7DkQ/13FIR1++GoDGmxe9G/polRM/uR2LMfpN/Zr8ZT/j4XhEA2m+6f
HcoUsSOrbsD+S8vmra7S9iVOUjg6k/btx77YlO3suvuUtc664Q1C2X7axfpftPvOO+VPZWzvyH7R
po/WVtwssPfALQnAxl1pOhWNJImjvkGuLi+YypQ+IITAe93mHUzC36/dk5jThzqfmAmPvlNNJ/PJ
DI/Pv6NOO1ycnASLIAhnk2i2kPFMhrOjOIqOguNgHhyfHMdqjj/iOThdbshwZFjLuNDJfXcsrtN3
C3xS+AcVuzYVo8xPxfFJEIWLeTAJlIxP4iMZqUU8WcQnRydqER3Nojg6mS6Yn95kRWdZzcGn9zVN
rDGx2BS3KkctqtqRt0reImtYQ40WGNlJ/sLiw/q04F1S2rfpaD54//7/AGOrxKk=
===END CRASH DUMP===
